{"/Users/Tom1/Desktop/fec22/hr-rpp28-front-end-capstone/sampleDataSets.js": {"path":"/Users/Tom1/Desktop/fec22/hr-rpp28-front-end-capstone/sampleDataSets.js","statementMap":{"0":{"start":{"line":7,"column":26},"end":{"line":32,"column":1}},"1":{"start":{"line":34,"column":26},"end":{"line":51,"column":1}},"2":{"start":{"line":53,"column":24},"end":{"line":114,"column":1}},"3":{"start":{"line":116,"column":30},"end":{"line":121,"column":1}},"4":{"start":{"line":123,"column":0},"end":{"line":128,"column":2}}},"fnMap":{},"branchMap":{},"s":{"0":1,"1":1,"2":1,"3":1,"4":1},"f":{},"b":{},"_coverageSchema":"1a1c01bbd47fc00a2c39e90264f33305004495a9","hash":"f09a9903728ea6a32ba203f78d5bd0c84acb161e"}
,"/Users/Tom1/Desktop/fec22/hr-rpp28-front-end-capstone/__test__/hidden-message.jsx": {"path":"/Users/Tom1/Desktop/fec22/hr-rpp28-front-end-capstone/__test__/hidden-message.jsx","statementMap":{"0":{"start":{"line":6,"column":40},"end":{"line":6,"column":61}},"1":{"start":{"line":7,"column":2},"end":{"line":18,"column":4}},"2":{"start":{"line":13,"column":23},"end":{"line":13,"column":55}}},"fnMap":{"0":{"name":"HiddenMessage","decl":{"start":{"line":5,"column":9},"end":{"line":5,"column":22}},"loc":{"start":{"line":5,"column":35},"end":{"line":19,"column":1}},"line":5},"1":{"name":"(anonymous_1)","decl":{"start":{"line":13,"column":18},"end":{"line":13,"column":19}},"loc":{"start":{"line":13,"column":23},"end":{"line":13,"column":55}},"line":13}},"branchMap":{"0":{"loc":{"start":{"line":16,"column":7},"end":{"line":16,"column":36}},"type":"cond-expr","locations":[{"start":{"line":16,"column":21},"end":{"line":16,"column":29}},{"start":{"line":16,"column":32},"end":{"line":16,"column":36}}],"line":16}},"s":{"0":2,"1":2,"2":1},"f":{"0":2,"1":1},"b":{"0":[1,1]},"_coverageSchema":"1a1c01bbd47fc00a2c39e90264f33305004495a9","hash":"88d8b81a14dbeb66ea3f360c9c37286e2a236944"}
,"/Users/Tom1/Desktop/fec22/hr-rpp28-front-end-capstone/__test__/sum.js": {"path":"/Users/Tom1/Desktop/fec22/hr-rpp28-front-end-capstone/__test__/sum.js","statementMap":{"0":{"start":{"line":2,"column":10},"end":{"line":4,"column":1}},"1":{"start":{"line":3,"column":2},"end":{"line":3,"column":15}},"2":{"start":{"line":6,"column":0},"end":{"line":6,"column":21}}},"fnMap":{"0":{"name":"(anonymous_0)","decl":{"start":{"line":2,"column":10},"end":{"line":2,"column":11}},"loc":{"start":{"line":2,"column":20},"end":{"line":4,"column":1}},"line":2}},"branchMap":{},"s":{"0":1,"1":1,"2":1},"f":{"0":1},"b":{},"_coverageSchema":"1a1c01bbd47fc00a2c39e90264f33305004495a9","hash":"7d770718531816f2f063566f2145c81ffde59d7e"}
,"/Users/Tom1/Desktop/fec22/hr-rpp28-front-end-capstone/__test__/QuestionAnswer-Test/listquestionsexample.js": {"path":"/Users/Tom1/Desktop/fec22/hr-rpp28-front-end-capstone/__test__/QuestionAnswer-Test/listquestionsexample.js","statementMap":{"0":{"start":{"line":2,"column":20},"end":{"line":50,"column":1}}},"fnMap":{},"branchMap":{},"s":{"0":1},"f":{},"b":{},"_coverageSchema":"1a1c01bbd47fc00a2c39e90264f33305004495a9","hash":"4970d966d64e67128cfd809673ec7085d903face"}
,"/Users/Tom1/Desktop/fec22/hr-rpp28-front-end-capstone/client/src/components/overview/features.jsx": {"path":"/Users/Tom1/Desktop/fec22/hr-rpp28-front-end-capstone/client/src/components/overview/features.jsx","statementMap":{"0":{"start":{"line":3,"column":21},"end":{"line":17,"column":1}},"1":{"start":{"line":4,"column":19},"end":{"line":12,"column":6}},"2":{"start":{"line":5,"column":4},"end":{"line":11,"column":6}},"3":{"start":{"line":14,"column":2},"end":{"line":16,"column":4}}},"fnMap":{"0":{"name":"(anonymous_0)","decl":{"start":{"line":3,"column":21},"end":{"line":3,"column":22}},"loc":{"start":{"line":3,"column":32},"end":{"line":17,"column":1}},"line":3},"1":{"name":"(anonymous_1)","decl":{"start":{"line":4,"column":42},"end":{"line":4,"column":43}},"loc":{"start":{"line":4,"column":55},"end":{"line":12,"column":5}},"line":4}},"branchMap":{},"s":{"0":1,"1":0,"2":0,"3":0},"f":{"0":0,"1":0},"b":{},"_coverageSchema":"1a1c01bbd47fc00a2c39e90264f33305004495a9","hash":"17b5c4ce9918365576de018ec309f7b1ac8b8564"}
,"/Users/Tom1/Desktop/fec22/hr-rpp28-front-end-capstone/client/src/components/overview/overview.jsx": {"path":"/Users/Tom1/Desktop/fec22/hr-rpp28-front-end-capstone/client/src/components/overview/overview.jsx","statementMap":{"0":{"start":{"line":11,"column":4},"end":{"line":11,"column":17}},"1":{"start":{"line":14,"column":4},"end":{"line":39,"column":6}},"2":{"start":{"line":44,"column":22},"end":{"line":44,"column":35}},"3":{"start":{"line":45,"column":4},"end":{"line":49,"column":5}},"4":{"start":{"line":46,"column":6},"end":{"line":46,"column":41}},"5":{"start":{"line":48,"column":6},"end":{"line":48,"column":27}},"6":{"start":{"line":50,"column":4},"end":{"line":55,"column":5}},"7":{"start":{"line":52,"column":6},"end":{"line":52,"column":39}},"8":{"start":{"line":54,"column":6},"end":{"line":54,"column":27}},"9":{"start":{"line":62,"column":4},"end":{"line":64,"column":7}},"10":{"start":{"line":65,"column":4},"end":{"line":65,"column":49}},"11":{"start":{"line":69,"column":18},"end":{"line":69,"column":22}},"12":{"start":{"line":70,"column":4},"end":{"line":76,"column":9}},"13":{"start":{"line":72,"column":8},"end":{"line":72,"column":31}},"14":{"start":{"line":80,"column":18},"end":{"line":80,"column":22}},"15":{"start":{"line":81,"column":4},"end":{"line":87,"column":9}},"16":{"start":{"line":83,"column":8},"end":{"line":83,"column":31}},"17":{"start":{"line":91,"column":19},"end":{"line":91,"column":37}},"18":{"start":{"line":92,"column":4},"end":{"line":99,"column":5}},"19":{"start":{"line":92,"column":17},"end":{"line":92,"column":18}},"20":{"start":{"line":93,"column":6},"end":{"line":98,"column":7}},"21":{"start":{"line":94,"column":8},"end":{"line":96,"column":11}},"22":{"start":{"line":113,"column":8},"end":{"line":113,"column":18}},"23":{"start":{"line":114,"column":4},"end":{"line":151,"column":6}}},"fnMap":{"0":{"name":"(anonymous_0)","decl":{"start":{"line":10,"column":2},"end":{"line":10,"column":3}},"loc":{"start":{"line":10,"column":21},"end":{"line":40,"column":3}},"line":10},"1":{"name":"(anonymous_1)","decl":{"start":{"line":42,"column":2},"end":{"line":42,"column":3}},"loc":{"start":{"line":42,"column":22},"end":{"line":59,"column":3}},"line":42},"2":{"name":"(anonymous_2)","decl":{"start":{"line":61,"column":2},"end":{"line":61,"column":3}},"loc":{"start":{"line":61,"column":14},"end":{"line":66,"column":3}},"line":61},"3":{"name":"(anonymous_3)","decl":{"start":{"line":68,"column":2},"end":{"line":68,"column":3}},"loc":{"start":{"line":68,"column":32},"end":{"line":77,"column":3}},"line":68},"4":{"name":"(anonymous_4)","decl":{"start":{"line":71,"column":12},"end":{"line":71,"column":13}},"loc":{"start":{"line":71,"column":32},"end":{"line":73,"column":7}},"line":71},"5":{"name":"(anonymous_5)","decl":{"start":{"line":74,"column":13},"end":{"line":74,"column":14}},"loc":{"start":{"line":74,"column":30},"end":{"line":76,"column":7}},"line":74},"6":{"name":"(anonymous_6)","decl":{"start":{"line":79,"column":2},"end":{"line":79,"column":3}},"loc":{"start":{"line":79,"column":30},"end":{"line":88,"column":3}},"line":79},"7":{"name":"(anonymous_7)","decl":{"start":{"line":82,"column":12},"end":{"line":82,"column":13}},"loc":{"start":{"line":82,"column":32},"end":{"line":84,"column":7}},"line":82},"8":{"name":"(anonymous_8)","decl":{"start":{"line":85,"column":13},"end":{"line":85,"column":14}},"loc":{"start":{"line":85,"column":30},"end":{"line":87,"column":7}},"line":85},"9":{"name":"(anonymous_9)","decl":{"start":{"line":90,"column":2},"end":{"line":90,"column":3}},"loc":{"start":{"line":90,"column":35},"end":{"line":100,"column":3}},"line":90},"10":{"name":"(anonymous_10)","decl":{"start":{"line":102,"column":2},"end":{"line":102,"column":3}},"loc":{"start":{"line":102,"column":11},"end":{"line":152,"column":3}},"line":102}},"branchMap":{"0":{"loc":{"start":{"line":93,"column":6},"end":{"line":98,"column":7}},"type":"if","locations":[{"start":{"line":93,"column":6},"end":{"line":98,"column":7}},{"start":{"line":93,"column":6},"end":{"line":98,"column":7}}],"line":93}},"s":{"0":1,"1":1,"2":1,"3":1,"4":1,"5":0,"6":1,"7":1,"8":0,"9":0,"10":0,"11":1,"12":1,"13":0,"14":1,"15":1,"16":0,"17":0,"18":0,"19":0,"20":0,"21":0,"22":1,"23":1},"f":{"0":1,"1":1,"2":0,"3":1,"4":0,"5":0,"6":1,"7":0,"8":0,"9":0,"10":1},"b":{"0":[0,0]},"_coverageSchema":"1a1c01bbd47fc00a2c39e90264f33305004495a9","hash":"0b8cf5cda8764a0b8edea7dbf6b7304465fc4199"}
,"/Users/Tom1/Desktop/fec22/hr-rpp28-front-end-capstone/client/src/components/overview/skus.jsx": {"path":"/Users/Tom1/Desktop/fec22/hr-rpp28-front-end-capstone/client/src/components/overview/skus.jsx","statementMap":{"0":{"start":{"line":3,"column":13},"end":{"line":6,"column":1}},"1":{"start":{"line":5,"column":2},"end":{"line":5,"column":14}}},"fnMap":{"0":{"name":"(anonymous_0)","decl":{"start":{"line":3,"column":13},"end":{"line":3,"column":14}},"loc":{"start":{"line":3,"column":24},"end":{"line":6,"column":1}},"line":3}},"branchMap":{},"s":{"0":1,"1":0},"f":{"0":0},"b":{},"_coverageSchema":"1a1c01bbd47fc00a2c39e90264f33305004495a9","hash":"b6c070d33fbe33e03c19ecd58f215b3e4b21989a"}
,"/Users/Tom1/Desktop/fec22/hr-rpp28-front-end-capstone/client/src/components/overview/styles.jsx": {"path":"/Users/Tom1/Desktop/fec22/hr-rpp28-front-end-capstone/client/src/components/overview/styles.jsx","statementMap":{"0":{"start":{"line":4,"column":15},"end":{"line":17,"column":1}},"1":{"start":{"line":6,"column":23},"end":{"line":8,"column":3}},"2":{"start":{"line":7,"column":4},"end":{"line":7,"column":58}},"3":{"start":{"line":9,"column":2},"end":{"line":16,"column":4}}},"fnMap":{"0":{"name":"(anonymous_0)","decl":{"start":{"line":4,"column":15},"end":{"line":4,"column":16}},"loc":{"start":{"line":4,"column":26},"end":{"line":17,"column":1}},"line":4},"1":{"name":"(anonymous_1)","decl":{"start":{"line":6,"column":41},"end":{"line":6,"column":42}},"loc":{"start":{"line":7,"column":4},"end":{"line":7,"column":58}},"line":7}},"branchMap":{},"s":{"0":1,"1":0,"2":0,"3":0},"f":{"0":0,"1":0},"b":{},"_coverageSchema":"1a1c01bbd47fc00a2c39e90264f33305004495a9","hash":"377d7bac07f4537b4ed6b584792684e2e9fed393"}
,"/Users/Tom1/Desktop/fec22/hr-rpp28-front-end-capstone/client/src/components/questionanswer/questionanswer.jsx": {"path":"/Users/Tom1/Desktop/fec22/hr-rpp28-front-end-capstone/client/src/components/questionanswer/questionanswer.jsx","statementMap":{"0":{"start":{"line":12,"column":30},"end":{"line":12,"column":153}},"1":{"start":{"line":17,"column":2},"end":{"line":20,"column":3}},"2":{"start":{"line":18,"column":4},"end":{"line":18,"column":60}},"3":{"start":{"line":22,"column":2},"end":{"line":31,"column":3}},"4":{"start":{"line":38,"column":4},"end":{"line":38,"column":17}},"5":{"start":{"line":39,"column":4},"end":{"line":46,"column":5}},"6":{"start":{"line":55,"column":4},"end":{"line":78,"column":5}},"7":{"start":{"line":56,"column":6},"end":{"line":56,"column":65}},"8":{"start":{"line":59,"column":30},"end":{"line":59,"column":32}},"9":{"start":{"line":61,"column":6},"end":{"line":71,"column":7}},"10":{"start":{"line":61,"column":19},"end":{"line":61,"column":20}},"11":{"start":{"line":62,"column":22},"end":{"line":62,"column":77}},"12":{"start":{"line":64,"column":8},"end":{"line":70,"column":13}},"13":{"start":{"line":69,"column":14},"end":{"line":69,"column":70}},"14":{"start":{"line":73,"column":6},"end":{"line":77,"column":9}},"15":{"start":{"line":84,"column":4},"end":{"line":101,"column":7}},"16":{"start":{"line":87,"column":6},"end":{"line":90,"column":9}},"17":{"start":{"line":98,"column":6},"end":{"line":100,"column":9}},"18":{"start":{"line":109,"column":4},"end":{"line":125,"column":9}},"19":{"start":{"line":112,"column":8},"end":{"line":116,"column":11}},"20":{"start":{"line":122,"column":8},"end":{"line":124,"column":11}},"21":{"start":{"line":132,"column":4},"end":{"line":132,"column":56}},"22":{"start":{"line":136,"column":4},"end":{"line":136,"column":66}},"23":{"start":{"line":142,"column":38},"end":{"line":142,"column":92}},"24":{"start":{"line":144,"column":23},"end":{"line":145,"column":188}},"25":{"start":{"line":145,"column":6},"end":{"line":145,"column":186}},"26":{"start":{"line":152,"column":4},"end":{"line":178,"column":5}}},"fnMap":{"0":{"name":"AdditionalQuestionBar","decl":{"start":{"line":10,"column":9},"end":{"line":10,"column":30}},"loc":{"start":{"line":10,"column":38},"end":{"line":32,"column":1}},"line":10},"1":{"name":"(anonymous_1)","decl":{"start":{"line":37,"column":2},"end":{"line":37,"column":3}},"loc":{"start":{"line":37,"column":21},"end":{"line":47,"column":3}},"line":37},"2":{"name":"(anonymous_2)","decl":{"start":{"line":50,"column":2},"end":{"line":50,"column":3}},"loc":{"start":{"line":50,"column":27},"end":{"line":79,"column":3}},"line":50},"3":{"name":"(anonymous_3)","decl":{"start":{"line":82,"column":2},"end":{"line":82,"column":3}},"loc":{"start":{"line":82,"column":25},"end":{"line":103,"column":3}},"line":82},"4":{"name":"(anonymous_4)","decl":{"start":{"line":85,"column":10},"end":{"line":85,"column":11}},"loc":{"start":{"line":85,"column":24},"end":{"line":95,"column":5}},"line":85},"5":{"name":"(anonymous_5)","decl":{"start":{"line":96,"column":11},"end":{"line":96,"column":12}},"loc":{"start":{"line":96,"column":18},"end":{"line":101,"column":5}},"line":96},"6":{"name":"(anonymous_6)","decl":{"start":{"line":105,"column":2},"end":{"line":105,"column":3}},"loc":{"start":{"line":105,"column":22},"end":{"line":127,"column":3}},"line":105},"7":{"name":"(anonymous_7)","decl":{"start":{"line":110,"column":12},"end":{"line":110,"column":13}},"loc":{"start":{"line":110,"column":26},"end":{"line":117,"column":7}},"line":110},"8":{"name":"(anonymous_8)","decl":{"start":{"line":118,"column":13},"end":{"line":118,"column":14}},"loc":{"start":{"line":118,"column":20},"end":{"line":125,"column":7}},"line":118},"9":{"name":"(anonymous_9)","decl":{"start":{"line":129,"column":2},"end":{"line":129,"column":3}},"loc":{"start":{"line":129,"column":22},"end":{"line":133,"column":3}},"line":129},"10":{"name":"(anonymous_10)","decl":{"start":{"line":135,"column":2},"end":{"line":135,"column":3}},"loc":{"start":{"line":135,"column":22},"end":{"line":137,"column":3}},"line":135},"11":{"name":"(anonymous_11)","decl":{"start":{"line":139,"column":2},"end":{"line":139,"column":3}},"loc":{"start":{"line":139,"column":12},"end":{"line":179,"column":3}},"line":139},"12":{"name":"(anonymous_12)","decl":{"start":{"line":144,"column":100},"end":{"line":144,"column":101}},"loc":{"start":{"line":144,"column":114},"end":{"line":145,"column":187}},"line":144}},"branchMap":{"0":{"loc":{"start":{"line":17,"column":2},"end":{"line":20,"column":3}},"type":"if","locations":[{"start":{"line":17,"column":2},"end":{"line":20,"column":3}},{"start":{"line":17,"column":2},"end":{"line":20,"column":3}}],"line":17},"1":{"loc":{"start":{"line":55,"column":4},"end":{"line":78,"column":5}},"type":"if","locations":[{"start":{"line":55,"column":4},"end":{"line":78,"column":5}},{"start":{"line":55,"column":4},"end":{"line":78,"column":5}}],"line":55},"2":{"loc":{"start":{"line":55,"column":8},"end":{"line":55,"column":44}},"type":"binary-expr","locations":[{"start":{"line":55,"column":9},"end":{"line":55,"column":26}},{"start":{"line":55,"column":32},"end":{"line":55,"column":43}}],"line":55},"3":{"loc":{"start":{"line":64,"column":8},"end":{"line":70,"column":13}},"type":"if","locations":[{"start":{"line":64,"column":8},"end":{"line":70,"column":13}},{"start":{"line":64,"column":8},"end":{"line":70,"column":13}}],"line":64},"4":{"loc":{"start":{"line":64,"column":12},"end":{"line":67,"column":39}},"type":"binary-expr","locations":[{"start":{"line":64,"column":12},"end":{"line":64,"column":77}},{"start":{"line":65,"column":12},"end":{"line":65,"column":77}},{"start":{"line":66,"column":12},"end":{"line":66,"column":74}},{"start":{"line":67,"column":13},"end":{"line":67,"column":38}}],"line":64}},"s":{"0":6,"1":6,"2":6,"3":6,"4":4,"5":4,"6":0,"7":0,"8":0,"9":0,"10":0,"11":0,"12":0,"13":0,"14":0,"15":0,"16":0,"17":0,"18":4,"19":4,"20":0,"21":0,"22":0,"23":6,"24":6,"25":6,"26":6},"f":{"0":6,"1":4,"2":0,"3":0,"4":0,"5":0,"6":4,"7":4,"8":0,"9":0,"10":0,"11":6,"12":6},"b":{"0":[6,0],"1":[0,0],"2":[0,0],"3":[0,0],"4":[0,0,0,0]},"_coverageSchema":"1a1c01bbd47fc00a2c39e90264f33305004495a9","hash":"2097414a8ca4b4b8eda925fa71b3fbf159c23250"}
,"/Users/Tom1/Desktop/fec22/hr-rpp28-front-end-capstone/client/src/components/questionanswer/Photobar/photobar.jsx": {"path":"/Users/Tom1/Desktop/fec22/hr-rpp28-front-end-capstone/client/src/components/questionanswer/Photobar/photobar.jsx","statementMap":{"0":{"start":{"line":7,"column":4},"end":{"line":9,"column":5}},"1":{"start":{"line":8,"column":6},"end":{"line":8,"column":19}},"2":{"start":{"line":12,"column":4},"end":{"line":16,"column":5}},"3":{"start":{"line":14,"column":63},"end":{"line":14,"column":118}}},"fnMap":{"0":{"name":"Photobar","decl":{"start":{"line":3,"column":9},"end":{"line":3,"column":17}},"loc":{"start":{"line":3,"column":25},"end":{"line":18,"column":1}},"line":3},"1":{"name":"(anonymous_1)","decl":{"start":{"line":14,"column":49},"end":{"line":14,"column":50}},"loc":{"start":{"line":14,"column":63},"end":{"line":14,"column":118}},"line":14}},"branchMap":{"0":{"loc":{"start":{"line":7,"column":4},"end":{"line":9,"column":5}},"type":"if","locations":[{"start":{"line":7,"column":4},"end":{"line":9,"column":5}},{"start":{"line":7,"column":4},"end":{"line":9,"column":5}}],"line":7},"1":{"loc":{"start":{"line":7,"column":8},"end":{"line":7,"column":54}},"type":"binary-expr","locations":[{"start":{"line":7,"column":9},"end":{"line":7,"column":22}},{"start":{"line":7,"column":28},"end":{"line":7,"column":53}}],"line":7}},"s":{"0":8,"1":8,"2":0,"3":0},"f":{"0":8,"1":0},"b":{"0":[8,0],"1":[8,8]},"_coverageSchema":"1a1c01bbd47fc00a2c39e90264f33305004495a9","hash":"3f21115285f4cccc3bf032a13fe12828c57bb139"}
,"/Users/Tom1/Desktop/fec22/hr-rpp28-front-end-capstone/client/src/components/questionanswer/QAModals/addanswermodal.jsx": {"path":"/Users/Tom1/Desktop/fec22/hr-rpp28-front-end-capstone/client/src/components/questionanswer/QAModals/addanswermodal.jsx","statementMap":{"0":{"start":{"line":10,"column":4},"end":{"line":10,"column":17}},"1":{"start":{"line":11,"column":4},"end":{"line":11,"column":40}},"2":{"start":{"line":16,"column":4},"end":{"line":18,"column":5}},"3":{"start":{"line":17,"column":6},"end":{"line":17,"column":18}},"4":{"start":{"line":21,"column":4},"end":{"line":27,"column":5}},"5":{"start":{"line":35,"column":4},"end":{"line":35,"column":17}},"6":{"start":{"line":36,"column":4},"end":{"line":40,"column":6}},"7":{"start":{"line":42,"column":4},"end":{"line":42,"column":59}},"8":{"start":{"line":50,"column":19},"end":{"line":50,"column":33}},"9":{"start":{"line":52,"column":4},"end":{"line":52,"column":52}},"10":{"start":{"line":53,"column":4},"end":{"line":68,"column":7}},"11":{"start":{"line":59,"column":21},"end":{"line":59,"column":38}},"12":{"start":{"line":60,"column":6},"end":{"line":60,"column":35}},"13":{"start":{"line":63,"column":6},"end":{"line":67,"column":7}},"14":{"start":{"line":64,"column":8},"end":{"line":64,"column":42}},"15":{"start":{"line":66,"column":8},"end":{"line":66,"column":47}},"16":{"start":{"line":73,"column":4},"end":{"line":78,"column":5}},"17":{"start":{"line":89,"column":4},"end":{"line":89,"column":17}},"18":{"start":{"line":90,"column":4},"end":{"line":103,"column":6}},"19":{"start":{"line":108,"column":4},"end":{"line":108,"column":33}},"20":{"start":{"line":114,"column":4},"end":{"line":118,"column":7}},"21":{"start":{"line":121,"column":23},"end":{"line":121,"column":87}},"22":{"start":{"line":123,"column":4},"end":{"line":133,"column":5}},"23":{"start":{"line":124,"column":20},"end":{"line":124,"column":68}},"24":{"start":{"line":126,"column":22},"end":{"line":126,"column":27}},"25":{"start":{"line":127,"column":6},"end":{"line":129,"column":7}},"26":{"start":{"line":128,"column":8},"end":{"line":128,"column":25}},"27":{"start":{"line":131,"column":6},"end":{"line":131,"column":47}},"28":{"start":{"line":132,"column":6},"end":{"line":132,"column":51}},"29":{"start":{"line":135,"column":4},"end":{"line":135,"column":24}},"30":{"start":{"line":142,"column":4},"end":{"line":142,"column":23}},"31":{"start":{"line":145,"column":4},"end":{"line":161,"column":5}},"32":{"start":{"line":146,"column":6},"end":{"line":157,"column":8}},"33":{"start":{"line":166,"column":5},"end":{"line":166,"column":54}},"34":{"start":{"line":172,"column":4},"end":{"line":177,"column":5}},"35":{"start":{"line":173,"column":6},"end":{"line":176,"column":9}},"36":{"start":{"line":181,"column":4},"end":{"line":186,"column":5}},"37":{"start":{"line":182,"column":6},"end":{"line":185,"column":9}},"38":{"start":{"line":191,"column":4},"end":{"line":193,"column":5}},"39":{"start":{"line":192,"column":6},"end":{"line":192,"column":18}},"40":{"start":{"line":195,"column":21},"end":{"line":197,"column":5}},"41":{"start":{"line":199,"column":28},"end":{"line":199,"column":39}},"42":{"start":{"line":201,"column":4},"end":{"line":203,"column":5}},"43":{"start":{"line":202,"column":6},"end":{"line":202,"column":106}},"44":{"start":{"line":206,"column":4},"end":{"line":208,"column":5}},"45":{"start":{"line":207,"column":6},"end":{"line":207,"column":88}},"46":{"start":{"line":212,"column":4},"end":{"line":266,"column":5}}},"fnMap":{"0":{"name":"(anonymous_0)","decl":{"start":{"line":9,"column":2},"end":{"line":9,"column":3}},"loc":{"start":{"line":9,"column":21},"end":{"line":12,"column":3}},"line":9},"1":{"name":"(anonymous_1)","decl":{"start":{"line":14,"column":2},"end":{"line":14,"column":3}},"loc":{"start":{"line":14,"column":11},"end":{"line":28,"column":3}},"line":14},"2":{"name":"(anonymous_2)","decl":{"start":{"line":34,"column":2},"end":{"line":34,"column":3}},"loc":{"start":{"line":34,"column":21},"end":{"line":43,"column":3}},"line":34},"3":{"name":"(anonymous_3)","decl":{"start":{"line":46,"column":2},"end":{"line":46,"column":3}},"loc":{"start":{"line":46,"column":22},"end":{"line":69,"column":3}},"line":46},"4":{"name":"(anonymous_4)","decl":{"start":{"line":57,"column":12},"end":{"line":57,"column":13}},"loc":{"start":{"line":57,"column":26},"end":{"line":68,"column":5}},"line":57},"5":{"name":"(anonymous_5)","decl":{"start":{"line":71,"column":2},"end":{"line":71,"column":3}},"loc":{"start":{"line":71,"column":11},"end":{"line":79,"column":3}},"line":71},"6":{"name":"(anonymous_6)","decl":{"start":{"line":88,"column":2},"end":{"line":88,"column":3}},"loc":{"start":{"line":88,"column":21},"end":{"line":104,"column":3}},"line":88},"7":{"name":"(anonymous_7)","decl":{"start":{"line":106,"column":2},"end":{"line":106,"column":3}},"loc":{"start":{"line":106,"column":25},"end":{"line":109,"column":3}},"line":106},"8":{"name":"(anonymous_8)","decl":{"start":{"line":112,"column":2},"end":{"line":112,"column":3}},"loc":{"start":{"line":112,"column":15},"end":{"line":138,"column":3}},"line":112},"9":{"name":"(anonymous_9)","decl":{"start":{"line":141,"column":2},"end":{"line":141,"column":3}},"loc":{"start":{"line":141,"column":19},"end":{"line":162,"column":3}},"line":141},"10":{"name":"(anonymous_10)","decl":{"start":{"line":151,"column":12},"end":{"line":151,"column":13}},"loc":{"start":{"line":151,"column":26},"end":{"line":154,"column":7}},"line":151},"11":{"name":"(anonymous_11)","decl":{"start":{"line":155,"column":13},"end":{"line":155,"column":14}},"loc":{"start":{"line":155,"column":22},"end":{"line":157,"column":7}},"line":155},"12":{"name":"(anonymous_12)","decl":{"start":{"line":165,"column":2},"end":{"line":165,"column":3}},"loc":{"start":{"line":165,"column":19},"end":{"line":169,"column":3}},"line":165},"13":{"name":"(anonymous_13)","decl":{"start":{"line":171,"column":2},"end":{"line":171,"column":3}},"loc":{"start":{"line":171,"column":26},"end":{"line":178,"column":3}},"line":171},"14":{"name":"(anonymous_14)","decl":{"start":{"line":180,"column":2},"end":{"line":180,"column":3}},"loc":{"start":{"line":180,"column":23},"end":{"line":187,"column":3}},"line":180},"15":{"name":"(anonymous_15)","decl":{"start":{"line":189,"column":2},"end":{"line":189,"column":3}},"loc":{"start":{"line":189,"column":11},"end":{"line":267,"column":3}},"line":189}},"branchMap":{"0":{"loc":{"start":{"line":16,"column":4},"end":{"line":18,"column":5}},"type":"if","locations":[{"start":{"line":16,"column":4},"end":{"line":18,"column":5}},{"start":{"line":16,"column":4},"end":{"line":18,"column":5}}],"line":16},"1":{"loc":{"start":{"line":63,"column":6},"end":{"line":67,"column":7}},"type":"if","locations":[{"start":{"line":63,"column":6},"end":{"line":67,"column":7}},{"start":{"line":63,"column":6},"end":{"line":67,"column":7}}],"line":63},"2":{"loc":{"start":{"line":121,"column":23},"end":{"line":121,"column":87}},"type":"binary-expr","locations":[{"start":{"line":121,"column":23},"end":{"line":121,"column":42}},{"start":{"line":121,"column":46},"end":{"line":121,"column":62}},{"start":{"line":121,"column":66},"end":{"line":121,"column":87}}],"line":121},"3":{"loc":{"start":{"line":123,"column":4},"end":{"line":133,"column":5}},"type":"if","locations":[{"start":{"line":123,"column":4},"end":{"line":133,"column":5}},{"start":{"line":123,"column":4},"end":{"line":133,"column":5}}],"line":123},"4":{"loc":{"start":{"line":127,"column":6},"end":{"line":129,"column":7}},"type":"if","locations":[{"start":{"line":127,"column":6},"end":{"line":129,"column":7}},{"start":{"line":127,"column":6},"end":{"line":129,"column":7}}],"line":127},"5":{"loc":{"start":{"line":131,"column":21},"end":{"line":131,"column":46}},"type":"binary-expr","locations":[{"start":{"line":131,"column":21},"end":{"line":131,"column":33}},{"start":{"line":131,"column":37},"end":{"line":131,"column":46}}],"line":131},"6":{"loc":{"start":{"line":145,"column":4},"end":{"line":161,"column":5}},"type":"if","locations":[{"start":{"line":145,"column":4},"end":{"line":161,"column":5}},{"start":{"line":145,"column":4},"end":{"line":161,"column":5}}],"line":145},"7":{"loc":{"start":{"line":172,"column":4},"end":{"line":177,"column":5}},"type":"if","locations":[{"start":{"line":172,"column":4},"end":{"line":177,"column":5}},{"start":{"line":172,"column":4},"end":{"line":177,"column":5}}],"line":172},"8":{"loc":{"start":{"line":181,"column":4},"end":{"line":186,"column":5}},"type":"if","locations":[{"start":{"line":181,"column":4},"end":{"line":186,"column":5}},{"start":{"line":181,"column":4},"end":{"line":186,"column":5}}],"line":181},"9":{"loc":{"start":{"line":191,"column":4},"end":{"line":193,"column":5}},"type":"if","locations":[{"start":{"line":191,"column":4},"end":{"line":193,"column":5}},{"start":{"line":191,"column":4},"end":{"line":193,"column":5}}],"line":191},"10":{"loc":{"start":{"line":201,"column":4},"end":{"line":203,"column":5}},"type":"if","locations":[{"start":{"line":201,"column":4},"end":{"line":203,"column":5}},{"start":{"line":201,"column":4},"end":{"line":203,"column":5}}],"line":201},"11":{"loc":{"start":{"line":206,"column":4},"end":{"line":208,"column":5}},"type":"if","locations":[{"start":{"line":206,"column":4},"end":{"line":208,"column":5}},{"start":{"line":206,"column":4},"end":{"line":208,"column":5}}],"line":206},"12":{"loc":{"start":{"line":229,"column":17},"end":{"line":229,"column":119}},"type":"cond-expr","locations":[{"start":{"line":229,"column":51},"end":{"line":229,"column":105}},{"start":{"line":229,"column":108},"end":{"line":229,"column":119}}],"line":229},"13":{"loc":{"start":{"line":236,"column":17},"end":{"line":236,"column":118}},"type":"cond-expr","locations":[{"start":{"line":236,"column":49},"end":{"line":236,"column":104}},{"start":{"line":236,"column":107},"end":{"line":236,"column":118}}],"line":236}},"s":{"0":2,"1":2,"2":8,"3":0,"4":8,"5":2,"6":2,"7":2,"8":0,"9":0,"10":0,"11":0,"12":0,"13":0,"14":0,"15":0,"16":8,"17":8,"18":8,"19":0,"20":1,"21":1,"22":1,"23":1,"24":1,"25":1,"26":0,"27":1,"28":1,"29":1,"30":1,"31":1,"32":0,"33":3,"34":1,"35":1,"36":1,"37":1,"38":20,"39":12,"40":8,"41":8,"42":8,"43":1,"44":8,"45":0,"46":8},"f":{"0":2,"1":8,"2":2,"3":0,"4":0,"5":8,"6":8,"7":0,"8":1,"9":1,"10":0,"11":0,"12":3,"13":1,"14":1,"15":20},"b":{"0":[0,8],"1":[0,0],"2":[1,1,1],"3":[1,0],"4":[0,1],"5":[1,1],"6":[0,1],"7":[1,0],"8":[1,0],"9":[12,8],"10":[1,7],"11":[0,8],"12":[0,8],"13":[0,8]},"_coverageSchema":"1a1c01bbd47fc00a2c39e90264f33305004495a9","hash":"f6bf50bc9e8265609e82220c8ef91d5ef1a7c8d9"}
,"/Users/Tom1/Desktop/fec22/hr-rpp28-front-end-capstone/client/src/components/questionanswer/QAModals/addquestionmodal.jsx": {"path":"/Users/Tom1/Desktop/fec22/hr-rpp28-front-end-capstone/client/src/components/questionanswer/QAModals/addquestionmodal.jsx","statementMap":{"0":{"start":{"line":7,"column":4},"end":{"line":7,"column":17}},"1":{"start":{"line":8,"column":4},"end":{"line":20,"column":6}},"2":{"start":{"line":25,"column":4},"end":{"line":25,"column":33}},"3":{"start":{"line":31,"column":4},"end":{"line":35,"column":7}},"4":{"start":{"line":38,"column":23},"end":{"line":38,"column":85}},"5":{"start":{"line":39,"column":4},"end":{"line":48,"column":5}},"6":{"start":{"line":40,"column":20},"end":{"line":40,"column":68}},"7":{"start":{"line":41,"column":22},"end":{"line":41,"column":27}},"8":{"start":{"line":42,"column":6},"end":{"line":44,"column":7}},"9":{"start":{"line":43,"column":8},"end":{"line":43,"column":25}},"10":{"start":{"line":46,"column":6},"end":{"line":46,"column":47}},"11":{"start":{"line":47,"column":6},"end":{"line":47,"column":51}},"12":{"start":{"line":51,"column":4},"end":{"line":51,"column":24}},"13":{"start":{"line":56,"column":4},"end":{"line":56,"column":23}},"14":{"start":{"line":59,"column":4},"end":{"line":75,"column":5}},"15":{"start":{"line":60,"column":6},"end":{"line":71,"column":11}},"16":{"start":{"line":79,"column":4},"end":{"line":79,"column":54}},"17":{"start":{"line":84,"column":4},"end":{"line":89,"column":5}},"18":{"start":{"line":85,"column":6},"end":{"line":88,"column":9}},"19":{"start":{"line":93,"column":4},"end":{"line":98,"column":5}},"20":{"start":{"line":94,"column":6},"end":{"line":97,"column":9}},"21":{"start":{"line":103,"column":4},"end":{"line":105,"column":5}},"22":{"start":{"line":104,"column":6},"end":{"line":104,"column":18}},"23":{"start":{"line":107,"column":21},"end":{"line":109,"column":5}},"24":{"start":{"line":111,"column":28},"end":{"line":111,"column":39}},"25":{"start":{"line":113,"column":4},"end":{"line":115,"column":5}},"26":{"start":{"line":114,"column":6},"end":{"line":114,"column":106}},"27":{"start":{"line":118,"column":4},"end":{"line":120,"column":5}},"28":{"start":{"line":119,"column":6},"end":{"line":119,"column":88}},"29":{"start":{"line":124,"column":4},"end":{"line":166,"column":6}}},"fnMap":{"0":{"name":"(anonymous_0)","decl":{"start":{"line":6,"column":2},"end":{"line":6,"column":3}},"loc":{"start":{"line":6,"column":21},"end":{"line":21,"column":3}},"line":6},"1":{"name":"(anonymous_1)","decl":{"start":{"line":23,"column":2},"end":{"line":23,"column":3}},"loc":{"start":{"line":23,"column":25},"end":{"line":26,"column":3}},"line":23},"2":{"name":"(anonymous_2)","decl":{"start":{"line":28,"column":2},"end":{"line":28,"column":3}},"loc":{"start":{"line":28,"column":15},"end":{"line":52,"column":3}},"line":28},"3":{"name":"(anonymous_3)","decl":{"start":{"line":55,"column":2},"end":{"line":55,"column":3}},"loc":{"start":{"line":55,"column":19},"end":{"line":76,"column":3}},"line":55},"4":{"name":"(anonymous_4)","decl":{"start":{"line":66,"column":14},"end":{"line":66,"column":15}},"loc":{"start":{"line":66,"column":28},"end":{"line":68,"column":9}},"line":66},"5":{"name":"(anonymous_5)","decl":{"start":{"line":69,"column":15},"end":{"line":69,"column":16}},"loc":{"start":{"line":69,"column":24},"end":{"line":71,"column":9}},"line":69},"6":{"name":"(anonymous_6)","decl":{"start":{"line":78,"column":2},"end":{"line":78,"column":3}},"loc":{"start":{"line":78,"column":19},"end":{"line":81,"column":3}},"line":78},"7":{"name":"(anonymous_7)","decl":{"start":{"line":83,"column":2},"end":{"line":83,"column":3}},"loc":{"start":{"line":83,"column":26},"end":{"line":90,"column":3}},"line":83},"8":{"name":"(anonymous_8)","decl":{"start":{"line":92,"column":2},"end":{"line":92,"column":3}},"loc":{"start":{"line":92,"column":23},"end":{"line":99,"column":3}},"line":92},"9":{"name":"(anonymous_9)","decl":{"start":{"line":102,"column":2},"end":{"line":102,"column":3}},"loc":{"start":{"line":102,"column":11},"end":{"line":167,"column":3}},"line":102}},"branchMap":{"0":{"loc":{"start":{"line":38,"column":23},"end":{"line":38,"column":85}},"type":"binary-expr","locations":[{"start":{"line":38,"column":23},"end":{"line":38,"column":42}},{"start":{"line":38,"column":46},"end":{"line":38,"column":62}},{"start":{"line":38,"column":66},"end":{"line":38,"column":85}}],"line":38},"1":{"loc":{"start":{"line":39,"column":4},"end":{"line":48,"column":5}},"type":"if","locations":[{"start":{"line":39,"column":4},"end":{"line":48,"column":5}},{"start":{"line":39,"column":4},"end":{"line":48,"column":5}}],"line":39},"2":{"loc":{"start":{"line":42,"column":6},"end":{"line":44,"column":7}},"type":"if","locations":[{"start":{"line":42,"column":6},"end":{"line":44,"column":7}},{"start":{"line":42,"column":6},"end":{"line":44,"column":7}}],"line":42},"3":{"loc":{"start":{"line":46,"column":21},"end":{"line":46,"column":46}},"type":"binary-expr","locations":[{"start":{"line":46,"column":21},"end":{"line":46,"column":33}},{"start":{"line":46,"column":37},"end":{"line":46,"column":46}}],"line":46},"4":{"loc":{"start":{"line":59,"column":4},"end":{"line":75,"column":5}},"type":"if","locations":[{"start":{"line":59,"column":4},"end":{"line":75,"column":5}},{"start":{"line":59,"column":4},"end":{"line":75,"column":5}}],"line":59},"5":{"loc":{"start":{"line":84,"column":4},"end":{"line":89,"column":5}},"type":"if","locations":[{"start":{"line":84,"column":4},"end":{"line":89,"column":5}},{"start":{"line":84,"column":4},"end":{"line":89,"column":5}}],"line":84},"6":{"loc":{"start":{"line":93,"column":4},"end":{"line":98,"column":5}},"type":"if","locations":[{"start":{"line":93,"column":4},"end":{"line":98,"column":5}},{"start":{"line":93,"column":4},"end":{"line":98,"column":5}}],"line":93},"7":{"loc":{"start":{"line":103,"column":4},"end":{"line":105,"column":5}},"type":"if","locations":[{"start":{"line":103,"column":4},"end":{"line":105,"column":5}},{"start":{"line":103,"column":4},"end":{"line":105,"column":5}}],"line":103},"8":{"loc":{"start":{"line":113,"column":4},"end":{"line":115,"column":5}},"type":"if","locations":[{"start":{"line":113,"column":4},"end":{"line":115,"column":5}},{"start":{"line":113,"column":4},"end":{"line":115,"column":5}}],"line":113},"9":{"loc":{"start":{"line":118,"column":4},"end":{"line":120,"column":5}},"type":"if","locations":[{"start":{"line":118,"column":4},"end":{"line":120,"column":5}},{"start":{"line":118,"column":4},"end":{"line":120,"column":5}}],"line":118},"10":{"loc":{"start":{"line":133,"column":13},"end":{"line":133,"column":118}},"type":"cond-expr","locations":[{"start":{"line":133,"column":49},"end":{"line":133,"column":104}},{"start":{"line":133,"column":107},"end":{"line":133,"column":118}}],"line":133},"11":{"loc":{"start":{"line":145,"column":17},"end":{"line":145,"column":118}},"type":"cond-expr","locations":[{"start":{"line":145,"column":49},"end":{"line":145,"column":104}},{"start":{"line":145,"column":107},"end":{"line":145,"column":118}}],"line":145}},"s":{"0":4,"1":4,"2":0,"3":0,"4":0,"5":0,"6":0,"7":0,"8":0,"9":0,"10":0,"11":0,"12":0,"13":0,"14":0,"15":0,"16":0,"17":0,"18":0,"19":0,"20":0,"21":6,"22":6,"23":0,"24":0,"25":0,"26":0,"27":0,"28":0,"29":0},"f":{"0":4,"1":0,"2":0,"3":0,"4":0,"5":0,"6":0,"7":0,"8":0,"9":6},"b":{"0":[0,0,0],"1":[0,0],"2":[0,0],"3":[0,0],"4":[0,0],"5":[0,0],"6":[0,0],"7":[6,0],"8":[0,0],"9":[0,0],"10":[0,0],"11":[0,0]},"_coverageSchema":"1a1c01bbd47fc00a2c39e90264f33305004495a9","hash":"a0aec27f71559ccf248006fe48f0420d2eb86740"}
,"/Users/Tom1/Desktop/fec22/hr-rpp28-front-end-capstone/client/src/components/questionanswer/SearchQuestionBar/searchquestionbar.jsx": {"path":"/Users/Tom1/Desktop/fec22/hr-rpp28-front-end-capstone/client/src/components/questionanswer/SearchQuestionBar/searchquestionbar.jsx","statementMap":{"0":{"start":{"line":6,"column":4},"end":{"line":6,"column":17}},"1":{"start":{"line":7,"column":4},"end":{"line":10,"column":6}},"2":{"start":{"line":14,"column":4},"end":{"line":14,"column":50}},"3":{"start":{"line":16,"column":4},"end":{"line":26,"column":5}},"4":{"start":{"line":22,"column":6},"end":{"line":22,"column":53}},"5":{"start":{"line":25,"column":6},"end":{"line":25,"column":34}},"6":{"start":{"line":33,"column":4},"end":{"line":38,"column":5}},"7":{"start":{"line":34,"column":6},"end":{"line":37,"column":9}},"8":{"start":{"line":43,"column":4},"end":{"line":49,"column":5}}},"fnMap":{"0":{"name":"(anonymous_0)","decl":{"start":{"line":5,"column":2},"end":{"line":5,"column":3}},"loc":{"start":{"line":5,"column":21},"end":{"line":11,"column":3}},"line":5},"1":{"name":"(anonymous_1)","decl":{"start":{"line":13,"column":2},"end":{"line":13,"column":3}},"loc":{"start":{"line":13,"column":18},"end":{"line":27,"column":3}},"line":13},"2":{"name":"(anonymous_2)","decl":{"start":{"line":29,"column":2},"end":{"line":29,"column":3}},"loc":{"start":{"line":29,"column":17},"end":{"line":40,"column":3}},"line":29},"3":{"name":"(anonymous_3)","decl":{"start":{"line":42,"column":2},"end":{"line":42,"column":3}},"loc":{"start":{"line":42,"column":11},"end":{"line":50,"column":3}},"line":42}},"branchMap":{"0":{"loc":{"start":{"line":16,"column":4},"end":{"line":26,"column":5}},"type":"if","locations":[{"start":{"line":16,"column":4},"end":{"line":26,"column":5}},{"start":{"line":16,"column":4},"end":{"line":26,"column":5}}],"line":16},"1":{"loc":{"start":{"line":33,"column":4},"end":{"line":38,"column":5}},"type":"if","locations":[{"start":{"line":33,"column":4},"end":{"line":38,"column":5}},{"start":{"line":33,"column":4},"end":{"line":38,"column":5}}],"line":33}},"s":{"0":4,"1":4,"2":0,"3":0,"4":0,"5":0,"6":0,"7":0,"8":6},"f":{"0":4,"1":0,"2":0,"3":6},"b":{"0":[0,0],"1":[0,0]},"_coverageSchema":"1a1c01bbd47fc00a2c39e90264f33305004495a9","hash":"3760033f805fb99b61bf9353be93f95ee3d1a67c"}
,"/Users/Tom1/Desktop/fec22/hr-rpp28-front-end-capstone/client/src/components/questionanswer/SingleQuestionAnswer/singleanswerbar.jsx": {"path":"/Users/Tom1/Desktop/fec22/hr-rpp28-front-end-capstone/client/src/components/questionanswer/SingleQuestionAnswer/singleanswerbar.jsx","statementMap":{"0":{"start":{"line":8,"column":4},"end":{"line":8,"column":17}},"1":{"start":{"line":9,"column":4},"end":{"line":12,"column":6}},"2":{"start":{"line":17,"column":4},"end":{"line":17,"column":46}},"3":{"start":{"line":21,"column":18},"end":{"line":27,"column":3}},"4":{"start":{"line":22,"column":4},"end":{"line":26,"column":6}},"5":{"start":{"line":25,"column":6},"end":{"line":25,"column":40}},"6":{"start":{"line":29,"column":17},"end":{"line":35,"column":3}},"7":{"start":{"line":30,"column":4},"end":{"line":34,"column":6}},"8":{"start":{"line":33,"column":6},"end":{"line":33,"column":38}},"9":{"start":{"line":38,"column":25},"end":{"line":38,"column":103}},"10":{"start":{"line":39,"column":22},"end":{"line":39,"column":43}},"11":{"start":{"line":41,"column":17},"end":{"line":41,"column":135}},"12":{"start":{"line":43,"column":4},"end":{"line":61,"column":5}}},"fnMap":{"0":{"name":"(anonymous_0)","decl":{"start":{"line":7,"column":2},"end":{"line":7,"column":3}},"loc":{"start":{"line":7,"column":21},"end":{"line":14,"column":3}},"line":7},"1":{"name":"(anonymous_1)","decl":{"start":{"line":16,"column":2},"end":{"line":16,"column":3}},"loc":{"start":{"line":16,"column":22},"end":{"line":19,"column":3}},"line":16},"2":{"name":"(anonymous_2)","decl":{"start":{"line":21,"column":18},"end":{"line":21,"column":19}},"loc":{"start":{"line":21,"column":27},"end":{"line":27,"column":3}},"line":21},"3":{"name":"(anonymous_3)","decl":{"start":{"line":23,"column":10},"end":{"line":23,"column":11}},"loc":{"start":{"line":23,"column":24},"end":{"line":26,"column":5}},"line":23},"4":{"name":"(anonymous_4)","decl":{"start":{"line":29,"column":17},"end":{"line":29,"column":18}},"loc":{"start":{"line":29,"column":26},"end":{"line":35,"column":3}},"line":29},"5":{"name":"(anonymous_5)","decl":{"start":{"line":31,"column":10},"end":{"line":31,"column":11}},"loc":{"start":{"line":31,"column":24},"end":{"line":34,"column":5}},"line":31},"6":{"name":"(anonymous_6)","decl":{"start":{"line":37,"column":2},"end":{"line":37,"column":3}},"loc":{"start":{"line":37,"column":12},"end":{"line":62,"column":3}},"line":37}},"branchMap":{"0":{"loc":{"start":{"line":54,"column":13},"end":{"line":54,"column":63}},"type":"cond-expr","locations":[{"start":{"line":54,"column":35},"end":{"line":54,"column":46}},{"start":{"line":54,"column":49},"end":{"line":54,"column":63}}],"line":54}},"s":{"0":0,"1":0,"2":0,"3":0,"4":0,"5":0,"6":0,"7":0,"8":0,"9":0,"10":0,"11":0,"12":0},"f":{"0":0,"1":0,"2":0,"3":0,"4":0,"5":0,"6":0},"b":{"0":[0,0]},"_coverageSchema":"1a1c01bbd47fc00a2c39e90264f33305004495a9","hash":"45d07d54bf065a5582f769c09fcff2cbdb5b8e92"}
,"/Users/Tom1/Desktop/fec22/hr-rpp28-front-end-capstone/client/src/components/questionanswer/SingleQuestionAnswer/singlequestionanswer.jsx": {"path":"/Users/Tom1/Desktop/fec22/hr-rpp28-front-end-capstone/client/src/components/questionanswer/SingleQuestionAnswer/singlequestionanswer.jsx","statementMap":{"0":{"start":{"line":10,"column":4},"end":{"line":10,"column":17}},"1":{"start":{"line":12,"column":4},"end":{"line":17,"column":6}},"2":{"start":{"line":22,"column":25},"end":{"line":22,"column":27}},"3":{"start":{"line":23,"column":22},"end":{"line":23,"column":24}},"4":{"start":{"line":24,"column":26},"end":{"line":24,"column":53}},"5":{"start":{"line":25,"column":22},"end":{"line":25,"column":62}},"6":{"start":{"line":27,"column":4},"end":{"line":29,"column":5}},"7":{"start":{"line":28,"column":6},"end":{"line":28,"column":16}},"8":{"start":{"line":31,"column":4},"end":{"line":43,"column":5}},"9":{"start":{"line":31,"column":17},"end":{"line":31,"column":18}},"10":{"start":{"line":34,"column":6},"end":{"line":36,"column":7}},"11":{"start":{"line":38,"column":6},"end":{"line":42,"column":7}},"12":{"start":{"line":39,"column":8},"end":{"line":39,"column":58}},"13":{"start":{"line":41,"column":8},"end":{"line":41,"column":61}},"14":{"start":{"line":47,"column":4},"end":{"line":47,"column":65}},"15":{"start":{"line":47,"column":34},"end":{"line":47,"column":63}},"16":{"start":{"line":48,"column":4},"end":{"line":48,"column":62}},"17":{"start":{"line":48,"column":31},"end":{"line":48,"column":60}},"18":{"start":{"line":50,"column":31},"end":{"line":50,"column":33}},"19":{"start":{"line":55,"column":4},"end":{"line":55,"column":62}},"20":{"start":{"line":58,"column":4},"end":{"line":58,"column":32}},"21":{"start":{"line":66,"column":4},"end":{"line":69,"column":7}},"22":{"start":{"line":76,"column":4},"end":{"line":76,"column":56}},"23":{"start":{"line":81,"column":4},"end":{"line":81,"column":69}},"24":{"start":{"line":87,"column":24},"end":{"line":87,"column":50}},"25":{"start":{"line":89,"column":21},"end":{"line":95,"column":6}},"26":{"start":{"line":90,"column":6},"end":{"line":94,"column":7}},"27":{"start":{"line":91,"column":8},"end":{"line":91,"column":189}},"28":{"start":{"line":93,"column":8},"end":{"line":93,"column":114}},"29":{"start":{"line":97,"column":26},"end":{"line":97,"column":97}},"30":{"start":{"line":99,"column":4},"end":{"line":101,"column":5}},"31":{"start":{"line":100,"column":6},"end":{"line":100,"column":28}},"32":{"start":{"line":106,"column":4},"end":{"line":116,"column":5}}},"fnMap":{"0":{"name":"(anonymous_0)","decl":{"start":{"line":9,"column":2},"end":{"line":9,"column":3}},"loc":{"start":{"line":9,"column":21},"end":{"line":18,"column":3}},"line":9},"1":{"name":"(anonymous_1)","decl":{"start":{"line":20,"column":2},"end":{"line":20,"column":3}},"loc":{"start":{"line":20,"column":24},"end":{"line":59,"column":3}},"line":20},"2":{"name":"(anonymous_2)","decl":{"start":{"line":47,"column":24},"end":{"line":47,"column":25}},"loc":{"start":{"line":47,"column":34},"end":{"line":47,"column":63}},"line":47},"3":{"name":"(anonymous_3)","decl":{"start":{"line":48,"column":21},"end":{"line":48,"column":22}},"loc":{"start":{"line":48,"column":31},"end":{"line":48,"column":60}},"line":48},"4":{"name":"(anonymous_4)","decl":{"start":{"line":61,"column":2},"end":{"line":61,"column":3}},"loc":{"start":{"line":61,"column":22},"end":{"line":71,"column":3}},"line":61},"5":{"name":"(anonymous_5)","decl":{"start":{"line":73,"column":2},"end":{"line":73,"column":3}},"loc":{"start":{"line":73,"column":22},"end":{"line":77,"column":3}},"line":73},"6":{"name":"(anonymous_6)","decl":{"start":{"line":80,"column":2},"end":{"line":80,"column":3}},"loc":{"start":{"line":80,"column":20},"end":{"line":83,"column":3}},"line":80},"7":{"name":"(anonymous_7)","decl":{"start":{"line":85,"column":2},"end":{"line":85,"column":3}},"loc":{"start":{"line":85,"column":11},"end":{"line":117,"column":3}},"line":85},"8":{"name":"(anonymous_8)","decl":{"start":{"line":89,"column":74},"end":{"line":89,"column":75}},"loc":{"start":{"line":89,"column":81},"end":{"line":95,"column":5}},"line":89}},"branchMap":{"0":{"loc":{"start":{"line":27,"column":4},"end":{"line":29,"column":5}},"type":"if","locations":[{"start":{"line":27,"column":4},"end":{"line":29,"column":5}},{"start":{"line":27,"column":4},"end":{"line":29,"column":5}}],"line":27},"1":{"loc":{"start":{"line":34,"column":6},"end":{"line":36,"column":7}},"type":"if","locations":[{"start":{"line":34,"column":6},"end":{"line":36,"column":7}},{"start":{"line":34,"column":6},"end":{"line":36,"column":7}}],"line":34},"2":{"loc":{"start":{"line":38,"column":6},"end":{"line":42,"column":7}},"type":"if","locations":[{"start":{"line":38,"column":6},"end":{"line":42,"column":7}},{"start":{"line":38,"column":6},"end":{"line":42,"column":7}}],"line":38},"3":{"loc":{"start":{"line":90,"column":6},"end":{"line":94,"column":7}},"type":"if","locations":[{"start":{"line":90,"column":6},"end":{"line":94,"column":7}},{"start":{"line":90,"column":6},"end":{"line":94,"column":7}}],"line":90},"4":{"loc":{"start":{"line":99,"column":4},"end":{"line":101,"column":5}},"type":"if","locations":[{"start":{"line":99,"column":4},"end":{"line":101,"column":5}},{"start":{"line":99,"column":4},"end":{"line":101,"column":5}}],"line":99}},"s":{"0":6,"1":6,"2":14,"3":14,"4":14,"5":14,"6":14,"7":14,"8":0,"9":0,"10":0,"11":0,"12":0,"13":0,"14":0,"15":0,"16":0,"17":0,"18":0,"19":0,"20":0,"21":6,"22":2,"23":0,"24":14,"25":14,"26":0,"27":0,"28":0,"29":14,"30":14,"31":14,"32":14},"f":{"0":6,"1":14,"2":0,"3":0,"4":6,"5":2,"6":0,"7":14,"8":0},"b":{"0":[14,0],"1":[0,0],"2":[0,0],"3":[0,0],"4":[14,0]},"_coverageSchema":"1a1c01bbd47fc00a2c39e90264f33305004495a9","hash":"0132bb2ab9f1d235b4906e3c54d7b3cd4d49f742"}
,"/Users/Tom1/Desktop/fec22/hr-rpp28-front-end-capstone/client/src/components/questionanswer/SingleQuestionAnswer/singlequestionbar.jsx": {"path":"/Users/Tom1/Desktop/fec22/hr-rpp28-front-end-capstone/client/src/components/questionanswer/SingleQuestionAnswer/singlequestionbar.jsx","statementMap":{"0":{"start":{"line":7,"column":4},"end":{"line":7,"column":17}},"1":{"start":{"line":8,"column":4},"end":{"line":10,"column":5}},"2":{"start":{"line":14,"column":18},"end":{"line":22,"column":3}},"3":{"start":{"line":15,"column":4},"end":{"line":21,"column":6}},"4":{"start":{"line":25,"column":4},"end":{"line":34,"column":5}}},"fnMap":{"0":{"name":"(anonymous_0)","decl":{"start":{"line":6,"column":2},"end":{"line":6,"column":3}},"loc":{"start":{"line":6,"column":21},"end":{"line":12,"column":3}},"line":6},"1":{"name":"(anonymous_1)","decl":{"start":{"line":14,"column":18},"end":{"line":14,"column":19}},"loc":{"start":{"line":14,"column":27},"end":{"line":22,"column":3}},"line":14},"2":{"name":"(anonymous_2)","decl":{"start":{"line":16,"column":10},"end":{"line":16,"column":11}},"loc":{"start":{"line":16,"column":24},"end":{"line":18,"column":5}},"line":16},"3":{"name":"(anonymous_3)","decl":{"start":{"line":19,"column":11},"end":{"line":19,"column":12}},"loc":{"start":{"line":19,"column":20},"end":{"line":21,"column":5}},"line":19},"4":{"name":"(anonymous_4)","decl":{"start":{"line":24,"column":2},"end":{"line":24,"column":3}},"loc":{"start":{"line":24,"column":12},"end":{"line":35,"column":3}},"line":24}},"branchMap":{},"s":{"0":6,"1":6,"2":6,"3":0,"4":14},"f":{"0":6,"1":0,"2":0,"3":0,"4":14},"b":{},"_coverageSchema":"1a1c01bbd47fc00a2c39e90264f33305004495a9","hash":"4ad6dc916a1e81e5064a9d46185caaaae2212fd9"}
,"/Users/Tom1/Desktop/fec22/hr-rpp28-front-end-capstone/client/src/components/relatedItems/outfitItemCard.jsx": {"path":"/Users/Tom1/Desktop/fec22/hr-rpp28-front-end-capstone/client/src/components/relatedItems/outfitItemCard.jsx","statementMap":{"0":{"start":{"line":6,"column":4},"end":{"line":6,"column":17}},"1":{"start":{"line":9,"column":4},"end":{"line":9,"column":20}},"2":{"start":{"line":13,"column":4},"end":{"line":17,"column":6}}},"fnMap":{"0":{"name":"(anonymous_0)","decl":{"start":{"line":5,"column":2},"end":{"line":5,"column":3}},"loc":{"start":{"line":5,"column":21},"end":{"line":10,"column":3}},"line":5},"1":{"name":"(anonymous_1)","decl":{"start":{"line":12,"column":2},"end":{"line":12,"column":3}},"loc":{"start":{"line":12,"column":12},"end":{"line":18,"column":3}},"line":12}},"branchMap":{},"s":{"0":0,"1":0,"2":0},"f":{"0":0,"1":0},"b":{},"_coverageSchema":"1a1c01bbd47fc00a2c39e90264f33305004495a9","hash":"a167acd8747d9432ed096128ce78135c9545a1f0"}
,"/Users/Tom1/Desktop/fec22/hr-rpp28-front-end-capstone/client/src/components/relatedItems/outfitItemsList.jsx": {"path":"/Users/Tom1/Desktop/fec22/hr-rpp28-front-end-capstone/client/src/components/relatedItems/outfitItemsList.jsx","statementMap":{"0":{"start":{"line":7,"column":4},"end":{"line":7,"column":17}},"1":{"start":{"line":10,"column":4},"end":{"line":10,"column":20}},"2":{"start":{"line":14,"column":4},"end":{"line":20,"column":6}}},"fnMap":{"0":{"name":"(anonymous_0)","decl":{"start":{"line":6,"column":2},"end":{"line":6,"column":3}},"loc":{"start":{"line":6,"column":21},"end":{"line":11,"column":3}},"line":6},"1":{"name":"(anonymous_1)","decl":{"start":{"line":13,"column":2},"end":{"line":13,"column":3}},"loc":{"start":{"line":13,"column":12},"end":{"line":21,"column":3}},"line":13}},"branchMap":{},"s":{"0":0,"1":0,"2":0},"f":{"0":0,"1":0},"b":{},"_coverageSchema":"1a1c01bbd47fc00a2c39e90264f33305004495a9","hash":"a928494d52541e2f56803db12103d88dfee1ee7a"}
,"/Users/Tom1/Desktop/fec22/hr-rpp28-front-end-capstone/client/src/components/relatedItems/relatedItemCard.jsx": {"path":"/Users/Tom1/Desktop/fec22/hr-rpp28-front-end-capstone/client/src/components/relatedItems/relatedItemCard.jsx","statementMap":{"0":{"start":{"line":4,"column":24},"end":{"line":12,"column":1}},"1":{"start":{"line":5,"column":4},"end":{"line":11,"column":10}}},"fnMap":{"0":{"name":"(anonymous_0)","decl":{"start":{"line":4,"column":24},"end":{"line":4,"column":25}},"loc":{"start":{"line":5,"column":4},"end":{"line":11,"column":10}},"line":5}},"branchMap":{},"s":{"0":1,"1":0},"f":{"0":0},"b":{},"_coverageSchema":"1a1c01bbd47fc00a2c39e90264f33305004495a9","hash":"d1470a3dbd105a1dc16b4f3368e623290d017ca0"}
,"/Users/Tom1/Desktop/fec22/hr-rpp28-front-end-capstone/client/src/components/relatedItems/relatedItemsList.jsx": {"path":"/Users/Tom1/Desktop/fec22/hr-rpp28-front-end-capstone/client/src/components/relatedItems/relatedItemsList.jsx","statementMap":{"0":{"start":{"line":7,"column":4},"end":{"line":7,"column":17}},"1":{"start":{"line":9,"column":4},"end":{"line":11,"column":6}},"2":{"start":{"line":12,"column":4},"end":{"line":12,"column":24}},"3":{"start":{"line":16,"column":4},"end":{"line":18,"column":7}},"4":{"start":{"line":19,"column":4},"end":{"line":19,"column":37}},"5":{"start":{"line":25,"column":4},"end":{"line":25,"column":19}},"6":{"start":{"line":26,"column":4},"end":{"line":26,"column":36}},"7":{"start":{"line":26,"column":27},"end":{"line":26,"column":34}},"8":{"start":{"line":32,"column":4},"end":{"line":37,"column":6}},"9":{"start":{"line":35,"column":39},"end":{"line":35,"column":81}}},"fnMap":{"0":{"name":"(anonymous_0)","decl":{"start":{"line":6,"column":2},"end":{"line":6,"column":3}},"loc":{"start":{"line":6,"column":21},"end":{"line":13,"column":3}},"line":6},"1":{"name":"(anonymous_1)","decl":{"start":{"line":15,"column":2},"end":{"line":15,"column":3}},"loc":{"start":{"line":15,"column":22},"end":{"line":22,"column":3}},"line":15},"2":{"name":"(anonymous_2)","decl":{"start":{"line":24,"column":2},"end":{"line":24,"column":3}},"loc":{"start":{"line":24,"column":25},"end":{"line":27,"column":3}},"line":24},"3":{"name":"(anonymous_3)","decl":{"start":{"line":26,"column":20},"end":{"line":26,"column":21}},"loc":{"start":{"line":26,"column":26},"end":{"line":26,"column":35}},"line":26},"4":{"name":"(anonymous_4)","decl":{"start":{"line":29,"column":2},"end":{"line":29,"column":3}},"loc":{"start":{"line":29,"column":11},"end":{"line":38,"column":3}},"line":29},"5":{"name":"(anonymous_5)","decl":{"start":{"line":35,"column":28},"end":{"line":35,"column":29}},"loc":{"start":{"line":35,"column":39},"end":{"line":35,"column":81}},"line":35}},"branchMap":{},"s":{"0":0,"1":0,"2":0,"3":0,"4":0,"5":0,"6":0,"7":0,"8":0,"9":0},"f":{"0":0,"1":0,"2":0,"3":0,"4":0,"5":0},"b":{},"_coverageSchema":"1a1c01bbd47fc00a2c39e90264f33305004495a9","hash":"c4f566749ea5d0b65efd2bf4eea4915088f30ddf"}
,"/Users/Tom1/Desktop/fec22/hr-rpp28-front-end-capstone/client/src/components/relatedItems/relatedItemsModule.jsx": {"path":"/Users/Tom1/Desktop/fec22/hr-rpp28-front-end-capstone/client/src/components/relatedItems/relatedItemsModule.jsx","statementMap":{"0":{"start":{"line":10,"column":4},"end":{"line":10,"column":17}},"1":{"start":{"line":11,"column":4},"end":{"line":14,"column":6}},"2":{"start":{"line":15,"column":4},"end":{"line":15,"column":19}},"3":{"start":{"line":16,"column":4},"end":{"line":16,"column":28}},"4":{"start":{"line":21,"column":4},"end":{"line":21,"column":31}},"5":{"start":{"line":25,"column":4},"end":{"line":25,"column":19}},"6":{"start":{"line":26,"column":4},"end":{"line":26,"column":36}},"7":{"start":{"line":26,"column":27},"end":{"line":26,"column":34}},"8":{"start":{"line":30,"column":4},"end":{"line":47,"column":9}},"9":{"start":{"line":38,"column":8},"end":{"line":41,"column":11}},"10":{"start":{"line":42,"column":8},"end":{"line":42,"column":29}},"11":{"start":{"line":52,"column":4},"end":{"line":54,"column":5}},"12":{"start":{"line":53,"column":6},"end":{"line":53,"column":54}},"13":{"start":{"line":55,"column":4},"end":{"line":66,"column":6}}},"fnMap":{"0":{"name":"(anonymous_0)","decl":{"start":{"line":9,"column":2},"end":{"line":9,"column":3}},"loc":{"start":{"line":9,"column":21},"end":{"line":18,"column":3}},"line":9},"1":{"name":"(anonymous_1)","decl":{"start":{"line":20,"column":2},"end":{"line":20,"column":3}},"loc":{"start":{"line":20,"column":22},"end":{"line":22,"column":3}},"line":20},"2":{"name":"(anonymous_2)","decl":{"start":{"line":24,"column":2},"end":{"line":24,"column":3}},"loc":{"start":{"line":24,"column":25},"end":{"line":27,"column":3}},"line":24},"3":{"name":"(anonymous_3)","decl":{"start":{"line":26,"column":20},"end":{"line":26,"column":21}},"loc":{"start":{"line":26,"column":26},"end":{"line":26,"column":35}},"line":26},"4":{"name":"(anonymous_4)","decl":{"start":{"line":29,"column":2},"end":{"line":29,"column":3}},"loc":{"start":{"line":29,"column":24},"end":{"line":48,"column":3}},"line":29},"5":{"name":"(anonymous_5)","decl":{"start":{"line":37,"column":12},"end":{"line":37,"column":13}},"loc":{"start":{"line":37,"column":21},"end":{"line":44,"column":7}},"line":37},"6":{"name":"(anonymous_6)","decl":{"start":{"line":45,"column":13},"end":{"line":45,"column":14}},"loc":{"start":{"line":45,"column":22},"end":{"line":47,"column":7}},"line":45},"7":{"name":"(anonymous_7)","decl":{"start":{"line":50,"column":2},"end":{"line":50,"column":3}},"loc":{"start":{"line":50,"column":11},"end":{"line":67,"column":3}},"line":50}},"branchMap":{"0":{"loc":{"start":{"line":52,"column":4},"end":{"line":54,"column":5}},"type":"if","locations":[{"start":{"line":52,"column":4},"end":{"line":54,"column":5}},{"start":{"line":52,"column":4},"end":{"line":54,"column":5}}],"line":52}},"s":{"0":1,"1":1,"2":1,"3":1,"4":1,"5":0,"6":0,"7":0,"8":1,"9":0,"10":0,"11":1,"12":1,"13":0},"f":{"0":1,"1":1,"2":0,"3":0,"4":1,"5":0,"6":0,"7":1},"b":{"0":[1,0]},"_coverageSchema":"1a1c01bbd47fc00a2c39e90264f33305004495a9","hash":"0d24134c8f2819e0236d28d8c7bc8dc5037917f4"}
,"/Users/Tom1/Desktop/fec22/hr-rpp28-front-end-capstone/client/src/components/reviews/breakdown-number.jsx": {"path":"/Users/Tom1/Desktop/fec22/hr-rpp28-front-end-capstone/client/src/components/reviews/breakdown-number.jsx","statementMap":{"0":{"start":{"line":5,"column":22},"end":{"line":26,"column":1}},"1":{"start":{"line":7,"column":16},"end":{"line":7,"column":29}},"2":{"start":{"line":8,"column":23},"end":{"line":8,"column":24}},"3":{"start":{"line":9,"column":21},"end":{"line":9,"column":22}},"4":{"start":{"line":12,"column":2},"end":{"line":15,"column":3}},"5":{"start":{"line":13,"column":4},"end":{"line":13,"column":43}},"6":{"start":{"line":14,"column":4},"end":{"line":14,"column":57}},"7":{"start":{"line":16,"column":22},"end":{"line":16,"column":64}},"8":{"start":{"line":18,"column":24},"end":{"line":18,"column":80}},"9":{"start":{"line":20,"column":2},"end":{"line":25,"column":3}}},"fnMap":{"0":{"name":"(anonymous_0)","decl":{"start":{"line":5,"column":22},"end":{"line":5,"column":23}},"loc":{"start":{"line":5,"column":33},"end":{"line":26,"column":1}},"line":5}},"branchMap":{},"s":{"0":1,"1":1,"2":1,"3":1,"4":1,"5":0,"6":0,"7":1,"8":1,"9":1},"f":{"0":1},"b":{},"_coverageSchema":"1a1c01bbd47fc00a2c39e90264f33305004495a9","hash":"061fd364ea821b24fe7461ea15e056176947fa26"}
,"/Users/Tom1/Desktop/fec22/hr-rpp28-front-end-capstone/client/src/components/reviews/breakdown-product.jsx": {"path":"/Users/Tom1/Desktop/fec22/hr-rpp28-front-end-capstone/client/src/components/reviews/breakdown-product.jsx","statementMap":{"0":{"start":{"line":6,"column":16},"end":{"line":107,"column":1}},"1":{"start":{"line":7,"column":24},"end":{"line":7,"column":45}},"2":{"start":{"line":14,"column":2},"end":{"line":30,"column":3}},"3":{"start":{"line":15,"column":4},"end":{"line":17,"column":5}},"4":{"start":{"line":16,"column":6},"end":{"line":16,"column":62}},"5":{"start":{"line":18,"column":4},"end":{"line":20,"column":5}},"6":{"start":{"line":19,"column":6},"end":{"line":19,"column":62}},"7":{"start":{"line":21,"column":4},"end":{"line":23,"column":5}},"8":{"start":{"line":22,"column":6},"end":{"line":22,"column":59}},"9":{"start":{"line":24,"column":4},"end":{"line":26,"column":5}},"10":{"start":{"line":25,"column":6},"end":{"line":25,"column":60}},"11":{"start":{"line":27,"column":4},"end":{"line":29,"column":5}},"12":{"start":{"line":28,"column":6},"end":{"line":28,"column":58}},"13":{"start":{"line":37,"column":2},"end":{"line":106,"column":3}}},"fnMap":{"0":{"name":"(anonymous_0)","decl":{"start":{"line":6,"column":16},"end":{"line":6,"column":17}},"loc":{"start":{"line":6,"column":27},"end":{"line":107,"column":1}},"line":6}},"branchMap":{"0":{"loc":{"start":{"line":15,"column":4},"end":{"line":17,"column":5}},"type":"if","locations":[{"start":{"line":15,"column":4},"end":{"line":17,"column":5}},{"start":{"line":15,"column":4},"end":{"line":17,"column":5}}],"line":15},"1":{"loc":{"start":{"line":18,"column":4},"end":{"line":20,"column":5}},"type":"if","locations":[{"start":{"line":18,"column":4},"end":{"line":20,"column":5}},{"start":{"line":18,"column":4},"end":{"line":20,"column":5}}],"line":18},"2":{"loc":{"start":{"line":21,"column":4},"end":{"line":23,"column":5}},"type":"if","locations":[{"start":{"line":21,"column":4},"end":{"line":23,"column":5}},{"start":{"line":21,"column":4},"end":{"line":23,"column":5}}],"line":21},"3":{"loc":{"start":{"line":24,"column":4},"end":{"line":26,"column":5}},"type":"if","locations":[{"start":{"line":24,"column":4},"end":{"line":26,"column":5}},{"start":{"line":24,"column":4},"end":{"line":26,"column":5}}],"line":24},"4":{"loc":{"start":{"line":27,"column":4},"end":{"line":29,"column":5}},"type":"if","locations":[{"start":{"line":27,"column":4},"end":{"line":29,"column":5}},{"start":{"line":27,"column":4},"end":{"line":29,"column":5}}],"line":27},"5":{"loc":{"start":{"line":40,"column":24},"end":{"line":40,"column":54}},"type":"cond-expr","locations":[{"start":{"line":40,"column":31},"end":{"line":40,"column":35}},{"start":{"line":40,"column":38},"end":{"line":40,"column":54}}],"line":40},"6":{"loc":{"start":{"line":50,"column":22},"end":{"line":50,"column":53}},"type":"cond-expr","locations":[{"start":{"line":50,"column":30},"end":{"line":50,"column":34}},{"start":{"line":50,"column":37},"end":{"line":50,"column":53}}],"line":50},"7":{"loc":{"start":{"line":61,"column":22},"end":{"line":61,"column":55}},"type":"cond-expr","locations":[{"start":{"line":61,"column":32},"end":{"line":61,"column":36}},{"start":{"line":61,"column":39},"end":{"line":61,"column":55}}],"line":61},"8":{"loc":{"start":{"line":72,"column":22},"end":{"line":72,"column":55}},"type":"cond-expr","locations":[{"start":{"line":72,"column":32},"end":{"line":72,"column":36}},{"start":{"line":72,"column":39},"end":{"line":72,"column":55}}],"line":72},"9":{"loc":{"start":{"line":83,"column":22},"end":{"line":83,"column":54}},"type":"cond-expr","locations":[{"start":{"line":83,"column":31},"end":{"line":83,"column":35}},{"start":{"line":83,"column":38},"end":{"line":83,"column":54}}],"line":83},"10":{"loc":{"start":{"line":94,"column":22},"end":{"line":94,"column":51}},"type":"cond-expr","locations":[{"start":{"line":94,"column":28},"end":{"line":94,"column":32}},{"start":{"line":94,"column":35},"end":{"line":94,"column":51}}],"line":94}},"s":{"0":1,"1":2,"2":1,"3":0,"4":0,"5":0,"6":0,"7":0,"8":0,"9":0,"10":0,"11":0,"12":0,"13":1},"f":{"0":2},"b":{"0":[0,0],"1":[0,0],"2":[0,0],"3":[0,0],"4":[0,0],"5":[0,1],"6":[0,1],"7":[0,1],"8":[0,1],"9":[0,1],"10":[0,1]},"_coverageSchema":"1a1c01bbd47fc00a2c39e90264f33305004495a9","hash":"09d7886d2db8b97c3c91bfe03659d0e59a1965d6"}
,"/Users/Tom1/Desktop/fec22/hr-rpp28-front-end-capstone/client/src/components/reviews/breakdown-rating.jsx": {"path":"/Users/Tom1/Desktop/fec22/hr-rpp28-front-end-capstone/client/src/components/reviews/breakdown-rating.jsx","statementMap":{"0":{"start":{"line":6,"column":16},"end":{"line":41,"column":1}},"1":{"start":{"line":7,"column":16},"end":{"line":7,"column":29}},"2":{"start":{"line":8,"column":21},"end":{"line":8,"column":39}},"3":{"start":{"line":9,"column":20},"end":{"line":9,"column":22}},"4":{"start":{"line":12,"column":2},"end":{"line":14,"column":3}},"5":{"start":{"line":13,"column":4},"end":{"line":13,"column":46}},"6":{"start":{"line":15,"column":12},"end":{"line":15,"column":29}},"7":{"start":{"line":17,"column":2},"end":{"line":40,"column":3}},"8":{"start":{"line":20,"column":47},"end":{"line":20,"column":67}}},"fnMap":{"0":{"name":"(anonymous_0)","decl":{"start":{"line":6,"column":16},"end":{"line":6,"column":17}},"loc":{"start":{"line":6,"column":27},"end":{"line":41,"column":1}},"line":6},"1":{"name":"(anonymous_1)","decl":{"start":{"line":20,"column":40},"end":{"line":20,"column":41}},"loc":{"start":{"line":20,"column":46},"end":{"line":20,"column":68}},"line":20}},"branchMap":{"0":{"loc":{"start":{"line":21,"column":72},"end":{"line":21,"column":91}},"type":"binary-expr","locations":[{"start":{"line":21,"column":72},"end":{"line":21,"column":86}},{"start":{"line":21,"column":90},"end":{"line":21,"column":91}}],"line":21},"1":{"loc":{"start":{"line":25,"column":45},"end":{"line":25,"column":64}},"type":"binary-expr","locations":[{"start":{"line":25,"column":45},"end":{"line":25,"column":59}},{"start":{"line":25,"column":63},"end":{"line":25,"column":64}}],"line":25},"2":{"loc":{"start":{"line":29,"column":44},"end":{"line":29,"column":63}},"type":"binary-expr","locations":[{"start":{"line":29,"column":44},"end":{"line":29,"column":58}},{"start":{"line":29,"column":62},"end":{"line":29,"column":63}}],"line":29},"3":{"loc":{"start":{"line":33,"column":45},"end":{"line":33,"column":64}},"type":"binary-expr","locations":[{"start":{"line":33,"column":45},"end":{"line":33,"column":59}},{"start":{"line":33,"column":63},"end":{"line":33,"column":64}}],"line":33},"4":{"loc":{"start":{"line":37,"column":45},"end":{"line":37,"column":64}},"type":"binary-expr","locations":[{"start":{"line":37,"column":45},"end":{"line":37,"column":59}},{"start":{"line":37,"column":63},"end":{"line":37,"column":64}}],"line":37}},"s":{"0":1,"1":1,"2":1,"3":1,"4":1,"5":0,"6":1,"7":1,"8":0},"f":{"0":1,"1":0},"b":{"0":[1,1],"1":[1,1],"2":[1,1],"3":[1,1],"4":[1,1]},"_coverageSchema":"1a1c01bbd47fc00a2c39e90264f33305004495a9","hash":"da31463399db716bd51adbd778ed8f515e7a9a11"}
,"/Users/Tom1/Desktop/fec22/hr-rpp28-front-end-capstone/client/src/components/reviews/breakdown.jsx": {"path":"/Users/Tom1/Desktop/fec22/hr-rpp28-front-end-capstone/client/src/components/reviews/breakdown.jsx","statementMap":{"0":{"start":{"line":12,"column":4},"end":{"line":12,"column":17}},"1":{"start":{"line":13,"column":4},"end":{"line":16,"column":5}},"2":{"start":{"line":29,"column":4},"end":{"line":37,"column":6}}},"fnMap":{"0":{"name":"(anonymous_0)","decl":{"start":{"line":11,"column":2},"end":{"line":11,"column":3}},"loc":{"start":{"line":11,"column":21},"end":{"line":18,"column":3}},"line":11},"1":{"name":"(anonymous_1)","decl":{"start":{"line":23,"column":2},"end":{"line":23,"column":3}},"loc":{"start":{"line":23,"column":22},"end":{"line":25,"column":3}},"line":23},"2":{"name":"(anonymous_2)","decl":{"start":{"line":27,"column":2},"end":{"line":27,"column":3}},"loc":{"start":{"line":27,"column":11},"end":{"line":38,"column":3}},"line":27}},"branchMap":{},"s":{"0":1,"1":1,"2":1},"f":{"0":1,"1":1,"2":1},"b":{},"_coverageSchema":"1a1c01bbd47fc00a2c39e90264f33305004495a9","hash":"80da53316441617ed10230b2baee935676c83712"}
,"/Users/Tom1/Desktop/fec22/hr-rpp28-front-end-capstone/client/src/components/reviews/morereviews.jsx": {"path":"/Users/Tom1/Desktop/fec22/hr-rpp28-front-end-capstone/client/src/components/reviews/morereviews.jsx","statementMap":{"0":{"start":{"line":8,"column":4},"end":{"line":8,"column":17}},"1":{"start":{"line":9,"column":4},"end":{"line":12,"column":5}},"2":{"start":{"line":15,"column":4},"end":{"line":15,"column":57}},"3":{"start":{"line":21,"column":15},"end":{"line":21,"column":46}},"4":{"start":{"line":22,"column":4},"end":{"line":24,"column":7}},"5":{"start":{"line":25,"column":4},"end":{"line":35,"column":9}},"6":{"start":{"line":31,"column":8},"end":{"line":33,"column":11}},"7":{"start":{"line":34,"column":8},"end":{"line":34,"column":47}},"8":{"start":{"line":40,"column":4},"end":{"line":44,"column":6}}},"fnMap":{"0":{"name":"(anonymous_0)","decl":{"start":{"line":7,"column":2},"end":{"line":7,"column":3}},"loc":{"start":{"line":7,"column":21},"end":{"line":16,"column":3}},"line":7},"1":{"name":"(anonymous_1)","decl":{"start":{"line":20,"column":2},"end":{"line":20,"column":3}},"loc":{"start":{"line":20,"column":19},"end":{"line":36,"column":3}},"line":20},"2":{"name":"(anonymous_2)","decl":{"start":{"line":30,"column":12},"end":{"line":30,"column":13}},"loc":{"start":{"line":30,"column":26},"end":{"line":35,"column":7}},"line":30},"3":{"name":"(anonymous_3)","decl":{"start":{"line":38,"column":2},"end":{"line":38,"column":3}},"loc":{"start":{"line":38,"column":11},"end":{"line":45,"column":3}},"line":38}},"branchMap":{},"s":{"0":1,"1":1,"2":1,"3":0,"4":0,"5":0,"6":0,"7":0,"8":1},"f":{"0":1,"1":0,"2":0,"3":1},"b":{},"_coverageSchema":"1a1c01bbd47fc00a2c39e90264f33305004495a9","hash":"9ed30c0053156fe80bd0dc73f6394d2a092b407f"}
,"/Users/Tom1/Desktop/fec22/hr-rpp28-front-end-capstone/client/src/components/reviews/review-body.jsx": {"path":"/Users/Tom1/Desktop/fec22/hr-rpp28-front-end-capstone/client/src/components/reviews/review-body.jsx","statementMap":{"0":{"start":{"line":7,"column":4},"end":{"line":7,"column":17}},"1":{"start":{"line":8,"column":4},"end":{"line":10,"column":5}},"2":{"start":{"line":12,"column":4},"end":{"line":12,"column":45}},"3":{"start":{"line":13,"column":4},"end":{"line":13,"column":45}},"4":{"start":{"line":16,"column":6},"end":{"line":18,"column":9}},"5":{"start":{"line":22,"column":6},"end":{"line":24,"column":9}},"6":{"start":{"line":29,"column":18},"end":{"line":29,"column":33}},"7":{"start":{"line":30,"column":16},"end":{"line":30,"column":19}},"8":{"start":{"line":31,"column":19},"end":{"line":31,"column":38}},"9":{"start":{"line":32,"column":4},"end":{"line":34,"column":5}},"10":{"start":{"line":33,"column":6},"end":{"line":33,"column":33}},"11":{"start":{"line":36,"column":4},"end":{"line":47,"column":5}},"12":{"start":{"line":37,"column":6},"end":{"line":46,"column":7}},"13":{"start":{"line":49,"column":18},"end":{"line":49,"column":55}},"14":{"start":{"line":50,"column":4},"end":{"line":55,"column":5}}},"fnMap":{"0":{"name":"(anonymous_0)","decl":{"start":{"line":6,"column":2},"end":{"line":6,"column":3}},"loc":{"start":{"line":6,"column":21},"end":{"line":14,"column":3}},"line":6},"1":{"name":"(anonymous_1)","decl":{"start":{"line":15,"column":4},"end":{"line":15,"column":5}},"loc":{"start":{"line":15,"column":15},"end":{"line":19,"column":5}},"line":15},"2":{"name":"(anonymous_2)","decl":{"start":{"line":21,"column":4},"end":{"line":21,"column":5}},"loc":{"start":{"line":21,"column":15},"end":{"line":25,"column":5}},"line":21},"3":{"name":"(anonymous_3)","decl":{"start":{"line":28,"column":2},"end":{"line":28,"column":3}},"loc":{"start":{"line":28,"column":11},"end":{"line":56,"column":3}},"line":28}},"branchMap":{"0":{"loc":{"start":{"line":32,"column":4},"end":{"line":34,"column":5}},"type":"if","locations":[{"start":{"line":32,"column":4},"end":{"line":34,"column":5}},{"start":{"line":32,"column":4},"end":{"line":34,"column":5}}],"line":32},"1":{"loc":{"start":{"line":36,"column":4},"end":{"line":47,"column":5}},"type":"if","locations":[{"start":{"line":36,"column":4},"end":{"line":47,"column":5}},{"start":{"line":36,"column":4},"end":{"line":47,"column":5}}],"line":36}},"s":{"0":0,"1":0,"2":0,"3":0,"4":0,"5":0,"6":0,"7":0,"8":0,"9":0,"10":0,"11":0,"12":0,"13":0,"14":0},"f":{"0":0,"1":0,"2":0,"3":0},"b":{"0":[0,0],"1":[0,0]},"_coverageSchema":"1a1c01bbd47fc00a2c39e90264f33305004495a9","hash":"ab7abb4fc993d27bde1a312ebf23848182504f7e"}
,"/Users/Tom1/Desktop/fec22/hr-rpp28-front-end-capstone/client/src/components/reviews/reviewphotos.jsx": {"path":"/Users/Tom1/Desktop/fec22/hr-rpp28-front-end-capstone/client/src/components/reviews/reviewphotos.jsx","statementMap":{"0":{"start":{"line":7,"column":4},"end":{"line":7,"column":17}},"1":{"start":{"line":8,"column":4},"end":{"line":11,"column":5}},"2":{"start":{"line":13,"column":4},"end":{"line":13,"column":47}},"3":{"start":{"line":14,"column":4},"end":{"line":14,"column":49}},"4":{"start":{"line":21,"column":16},"end":{"line":21,"column":50}},"5":{"start":{"line":22,"column":14},"end":{"line":22,"column":19}},"6":{"start":{"line":23,"column":19},"end":{"line":23,"column":51}},"7":{"start":{"line":25,"column":4},"end":{"line":25,"column":34}},"8":{"start":{"line":26,"column":4},"end":{"line":26,"column":23}},"9":{"start":{"line":30,"column":15},"end":{"line":30,"column":58}},"10":{"start":{"line":31,"column":16},"end":{"line":31,"column":50}},"11":{"start":{"line":32,"column":4},"end":{"line":32,"column":33}},"12":{"start":{"line":37,"column":20},"end":{"line":37,"column":37}},"13":{"start":{"line":38,"column":17},"end":{"line":51,"column":6}},"14":{"start":{"line":39,"column":6},"end":{"line":50,"column":7}},"15":{"start":{"line":40,"column":71},"end":{"line":40,"column":103}},"16":{"start":{"line":52,"column":4},"end":{"line":55,"column":6}}},"fnMap":{"0":{"name":"(anonymous_0)","decl":{"start":{"line":6,"column":2},"end":{"line":6,"column":3}},"loc":{"start":{"line":6,"column":21},"end":{"line":15,"column":4}},"line":6},"1":{"name":"(anonymous_1)","decl":{"start":{"line":17,"column":2},"end":{"line":17,"column":3}},"loc":{"start":{"line":17,"column":19},"end":{"line":27,"column":3}},"line":17},"2":{"name":"(anonymous_2)","decl":{"start":{"line":29,"column":2},"end":{"line":29,"column":3}},"loc":{"start":{"line":29,"column":15},"end":{"line":33,"column":3}},"line":29},"3":{"name":"(anonymous_3)","decl":{"start":{"line":36,"column":2},"end":{"line":36,"column":3}},"loc":{"start":{"line":36,"column":11},"end":{"line":56,"column":3}},"line":36},"4":{"name":"(anonymous_4)","decl":{"start":{"line":38,"column":31},"end":{"line":38,"column":32}},"loc":{"start":{"line":38,"column":48},"end":{"line":51,"column":5}},"line":38},"5":{"name":"(anonymous_5)","decl":{"start":{"line":40,"column":64},"end":{"line":40,"column":65}},"loc":{"start":{"line":40,"column":70},"end":{"line":40,"column":104}},"line":40}},"branchMap":{},"s":{"0":0,"1":0,"2":0,"3":0,"4":0,"5":0,"6":0,"7":0,"8":0,"9":0,"10":0,"11":0,"12":0,"13":0,"14":0,"15":0,"16":0},"f":{"0":0,"1":0,"2":0,"3":0,"4":0,"5":0},"b":{},"_coverageSchema":"1a1c01bbd47fc00a2c39e90264f33305004495a9","hash":"a3570719b0c268a93820593b7f39c91bfdb296b3"}
,"/Users/Tom1/Desktop/fec22/hr-rpp28-front-end-capstone/client/src/components/reviews/reviews-irt.jsx": {"path":"/Users/Tom1/Desktop/fec22/hr-rpp28-front-end-capstone/client/src/components/reviews/reviews-irt.jsx","statementMap":{"0":{"start":{"line":9,"column":15},"end":{"line":9,"column":128}},"1":{"start":{"line":10,"column":16},"end":{"line":10,"column":19}},"2":{"start":{"line":11,"column":2},"end":{"line":23,"column":4}}},"fnMap":{"0":{"name":"IRT","decl":{"start":{"line":8,"column":9},"end":{"line":8,"column":12}},"loc":{"start":{"line":8,"column":20},"end":{"line":24,"column":1}},"line":8}},"branchMap":{"0":{"loc":{"start":{"line":20,"column":22},"end":{"line":20,"column":70}},"type":"cond-expr","locations":[{"start":{"line":20,"column":47},"end":{"line":20,"column":51}},{"start":{"line":20,"column":54},"end":{"line":20,"column":70}}],"line":20}},"s":{"0":0,"1":0,"2":0},"f":{"0":0},"b":{"0":[0,0]},"_coverageSchema":"1a1c01bbd47fc00a2c39e90264f33305004495a9","hash":"a034c2c2d1d58e0d0282077d45495de3d66a0e4b"}
,"/Users/Tom1/Desktop/fec22/hr-rpp28-front-end-capstone/client/src/components/reviews/reviews-list.jsx": {"path":"/Users/Tom1/Desktop/fec22/hr-rpp28-front-end-capstone/client/src/components/reviews/reviews-list.jsx","statementMap":{"0":{"start":{"line":9,"column":4},"end":{"line":9,"column":17}},"1":{"start":{"line":10,"column":4},"end":{"line":14,"column":5}},"2":{"start":{"line":17,"column":4},"end":{"line":17,"column":51}},"3":{"start":{"line":21,"column":8},"end":{"line":24,"column":11}},"4":{"start":{"line":28,"column":4},"end":{"line":30,"column":6}},"5":{"start":{"line":33,"column":21},"end":{"line":33,"column":100}},"6":{"start":{"line":34,"column":21},"end":{"line":40,"column":6}},"7":{"start":{"line":35,"column":6},"end":{"line":39,"column":7}},"8":{"start":{"line":41,"column":4},"end":{"line":49,"column":6}},"9":{"start":{"line":47,"column":138},"end":{"line":47,"column":179}}},"fnMap":{"0":{"name":"(anonymous_0)","decl":{"start":{"line":8,"column":2},"end":{"line":8,"column":3}},"loc":{"start":{"line":8,"column":21},"end":{"line":18,"column":3}},"line":8},"1":{"name":"(anonymous_1)","decl":{"start":{"line":20,"column":2},"end":{"line":20,"column":3}},"loc":{"start":{"line":20,"column":21},"end":{"line":25,"column":3}},"line":20},"2":{"name":"(anonymous_2)","decl":{"start":{"line":27,"column":2},"end":{"line":27,"column":3}},"loc":{"start":{"line":27,"column":22},"end":{"line":31,"column":3}},"line":27},"3":{"name":"(anonymous_3)","decl":{"start":{"line":32,"column":2},"end":{"line":32,"column":3}},"loc":{"start":{"line":32,"column":11},"end":{"line":50,"column":3}},"line":32},"4":{"name":"(anonymous_4)","decl":{"start":{"line":34,"column":63},"end":{"line":34,"column":64}},"loc":{"start":{"line":34,"column":80},"end":{"line":40,"column":5}},"line":34},"5":{"name":"(anonymous_5)","decl":{"start":{"line":47,"column":131},"end":{"line":47,"column":132}},"loc":{"start":{"line":47,"column":137},"end":{"line":47,"column":180}},"line":47}},"branchMap":{"0":{"loc":{"start":{"line":33,"column":21},"end":{"line":33,"column":100}},"type":"cond-expr","locations":[{"start":{"line":33,"column":58},"end":{"line":33,"column":79}},{"start":{"line":33,"column":82},"end":{"line":33,"column":100}}],"line":33},"1":{"loc":{"start":{"line":44,"column":22},"end":{"line":44,"column":71}},"type":"cond-expr","locations":[{"start":{"line":44,"column":48},"end":{"line":44,"column":64}},{"start":{"line":44,"column":67},"end":{"line":44,"column":71}}],"line":44},"2":{"loc":{"start":{"line":47,"column":30},"end":{"line":47,"column":107}},"type":"cond-expr","locations":[{"start":{"line":47,"column":80},"end":{"line":47,"column":100}},{"start":{"line":47,"column":103},"end":{"line":47,"column":107}}],"line":47}},"s":{"0":0,"1":0,"2":0,"3":0,"4":0,"5":0,"6":0,"7":0,"8":0,"9":0},"f":{"0":0,"1":0,"2":0,"3":0,"4":0,"5":0},"b":{"0":[0,0],"1":[0,0],"2":[0,0]},"_coverageSchema":"1a1c01bbd47fc00a2c39e90264f33305004495a9","hash":"4f0dd784f2763adb6bec90096418272e9478cc03"}
,"/Users/Tom1/Desktop/fec22/hr-rpp28-front-end-capstone/client/src/components/reviews/starsrating.jsx": {"path":"/Users/Tom1/Desktop/fec22/hr-rpp28-front-end-capstone/client/src/components/reviews/starsrating.jsx","statementMap":{"0":{"start":{"line":4,"column":19},"end":{"line":86,"column":1}},"1":{"start":{"line":5,"column":16},"end":{"line":13,"column":14}},"2":{"start":{"line":15,"column":15},"end":{"line":23,"column":14}},"3":{"start":{"line":25,"column":15},"end":{"line":33,"column":14}},"4":{"start":{"line":35,"column":17},"end":{"line":41,"column":14}},"5":{"start":{"line":43,"column":18},"end":{"line":49,"column":14}},"6":{"start":{"line":52,"column":20},"end":{"line":52,"column":31}},"7":{"start":{"line":53,"column":15},"end":{"line":53,"column":27}},"8":{"start":{"line":54,"column":16},"end":{"line":54,"column":26}},"9":{"start":{"line":55,"column":2},"end":{"line":60,"column":3}},"10":{"start":{"line":55,"column":15},"end":{"line":55,"column":16}},"11":{"start":{"line":56,"column":4},"end":{"line":56,"column":21}},"12":{"start":{"line":57,"column":4},"end":{"line":59,"column":5}},"13":{"start":{"line":58,"column":6},"end":{"line":58,"column":46}},"14":{"start":{"line":62,"column":16},"end":{"line":78,"column":4}},"15":{"start":{"line":63,"column":4},"end":{"line":73,"column":5}},"16":{"start":{"line":64,"column":6},"end":{"line":64,"column":23}},"17":{"start":{"line":65,"column":11},"end":{"line":73,"column":5}},"18":{"start":{"line":66,"column":6},"end":{"line":66,"column":21}},"19":{"start":{"line":67,"column":11},"end":{"line":73,"column":5}},"20":{"start":{"line":68,"column":6},"end":{"line":68,"column":21}},"21":{"start":{"line":69,"column":11},"end":{"line":73,"column":5}},"22":{"start":{"line":70,"column":6},"end":{"line":70,"column":21}},"23":{"start":{"line":72,"column":6},"end":{"line":72,"column":24}},"24":{"start":{"line":75,"column":4},"end":{"line":77,"column":6}},"25":{"start":{"line":80,"column":2},"end":{"line":85,"column":3}}},"fnMap":{"0":{"name":"(anonymous_0)","decl":{"start":{"line":4,"column":19},"end":{"line":4,"column":20}},"loc":{"start":{"line":4,"column":30},"end":{"line":86,"column":1}},"line":4},"1":{"name":"(anonymous_1)","decl":{"start":{"line":62,"column":30},"end":{"line":62,"column":31}},"loc":{"start":{"line":62,"column":47},"end":{"line":78,"column":3}},"line":62}},"branchMap":{"0":{"loc":{"start":{"line":57,"column":4},"end":{"line":59,"column":5}},"type":"if","locations":[{"start":{"line":57,"column":4},"end":{"line":59,"column":5}},{"start":{"line":57,"column":4},"end":{"line":59,"column":5}}],"line":57},"1":{"loc":{"start":{"line":63,"column":4},"end":{"line":73,"column":5}},"type":"if","locations":[{"start":{"line":63,"column":4},"end":{"line":73,"column":5}},{"start":{"line":63,"column":4},"end":{"line":73,"column":5}}],"line":63},"2":{"loc":{"start":{"line":65,"column":11},"end":{"line":73,"column":5}},"type":"if","locations":[{"start":{"line":65,"column":11},"end":{"line":73,"column":5}},{"start":{"line":65,"column":11},"end":{"line":73,"column":5}}],"line":65},"3":{"loc":{"start":{"line":65,"column":15},"end":{"line":65,"column":36}},"type":"binary-expr","locations":[{"start":{"line":65,"column":15},"end":{"line":65,"column":23}},{"start":{"line":65,"column":27},"end":{"line":65,"column":36}}],"line":65},"4":{"loc":{"start":{"line":67,"column":11},"end":{"line":73,"column":5}},"type":"if","locations":[{"start":{"line":67,"column":11},"end":{"line":73,"column":5}},{"start":{"line":67,"column":11},"end":{"line":73,"column":5}}],"line":67},"5":{"loc":{"start":{"line":67,"column":15},"end":{"line":67,"column":39}},"type":"binary-expr","locations":[{"start":{"line":67,"column":15},"end":{"line":67,"column":25}},{"start":{"line":67,"column":30},"end":{"line":67,"column":39}}],"line":67},"6":{"loc":{"start":{"line":69,"column":11},"end":{"line":73,"column":5}},"type":"if","locations":[{"start":{"line":69,"column":11},"end":{"line":73,"column":5}},{"start":{"line":69,"column":11},"end":{"line":73,"column":5}}],"line":69},"7":{"loc":{"start":{"line":69,"column":15},"end":{"line":69,"column":37}},"type":"binary-expr","locations":[{"start":{"line":69,"column":15},"end":{"line":69,"column":25}},{"start":{"line":69,"column":29},"end":{"line":69,"column":37}}],"line":69}},"s":{"0":1,"1":2,"2":2,"3":2,"4":2,"5":2,"6":2,"7":2,"8":2,"9":2,"10":2,"11":0,"12":0,"13":0,"14":2,"15":10,"16":0,"17":10,"18":0,"19":10,"20":0,"21":10,"22":0,"23":10,"24":10,"25":2},"f":{"0":2,"1":10},"b":{"0":[0,0],"1":[0,10],"2":[0,10],"3":[10,0],"4":[0,10],"5":[10,0],"6":[0,10],"7":[10,0]},"_coverageSchema":"1a1c01bbd47fc00a2c39e90264f33305004495a9","hash":"73d3d70fab29e849fb79b386b68f172fbcae58e2"}
}
