{"/Users/chrisfloyd/Sprints/FEC/hr-rpp28-front-end-capstone/sampleDataSets.js": {"path":"/Users/chrisfloyd/Sprints/FEC/hr-rpp28-front-end-capstone/sampleDataSets.js","statementMap":{"0":{"start":{"line":7,"column":26},"end":{"line":32,"column":1}},"1":{"start":{"line":34,"column":26},"end":{"line":51,"column":1}},"2":{"start":{"line":53,"column":24},"end":{"line":114,"column":1}},"3":{"start":{"line":116,"column":30},"end":{"line":121,"column":1}},"4":{"start":{"line":123,"column":0},"end":{"line":128,"column":2}}},"fnMap":{},"branchMap":{},"s":{"0":1,"1":1,"2":1,"3":1,"4":1},"f":{},"b":{},"_coverageSchema":"1a1c01bbd47fc00a2c39e90264f33305004495a9","hash":"208dda6d304ea1ec7c641f8d2ae9522dcc7188d1"}
,"/Users/chrisfloyd/Sprints/FEC/hr-rpp28-front-end-capstone/__test__/hidden-message.jsx": {"path":"/Users/chrisfloyd/Sprints/FEC/hr-rpp28-front-end-capstone/__test__/hidden-message.jsx","statementMap":{"0":{"start":{"line":6,"column":40},"end":{"line":6,"column":61}},"1":{"start":{"line":7,"column":2},"end":{"line":18,"column":4}},"2":{"start":{"line":13,"column":23},"end":{"line":13,"column":55}}},"fnMap":{"0":{"name":"HiddenMessage","decl":{"start":{"line":5,"column":9},"end":{"line":5,"column":22}},"loc":{"start":{"line":5,"column":35},"end":{"line":19,"column":1}},"line":5},"1":{"name":"(anonymous_1)","decl":{"start":{"line":13,"column":18},"end":{"line":13,"column":19}},"loc":{"start":{"line":13,"column":23},"end":{"line":13,"column":55}},"line":13}},"branchMap":{"0":{"loc":{"start":{"line":16,"column":7},"end":{"line":16,"column":36}},"type":"cond-expr","locations":[{"start":{"line":16,"column":21},"end":{"line":16,"column":29}},{"start":{"line":16,"column":32},"end":{"line":16,"column":36}}],"line":16}},"s":{"0":2,"1":2,"2":1},"f":{"0":2,"1":1},"b":{"0":[1,1]},"_coverageSchema":"1a1c01bbd47fc00a2c39e90264f33305004495a9","hash":"1a564b5c5f9d351e2903bf7b82cef29eb995e7e8"}
,"/Users/chrisfloyd/Sprints/FEC/hr-rpp28-front-end-capstone/__test__/sum.js": {"path":"/Users/chrisfloyd/Sprints/FEC/hr-rpp28-front-end-capstone/__test__/sum.js","statementMap":{"0":{"start":{"line":2,"column":10},"end":{"line":4,"column":1}},"1":{"start":{"line":3,"column":2},"end":{"line":3,"column":15}},"2":{"start":{"line":6,"column":0},"end":{"line":6,"column":21}}},"fnMap":{"0":{"name":"(anonymous_0)","decl":{"start":{"line":2,"column":10},"end":{"line":2,"column":11}},"loc":{"start":{"line":2,"column":20},"end":{"line":4,"column":1}},"line":2}},"branchMap":{},"s":{"0":1,"1":1,"2":1},"f":{"0":1},"b":{},"_coverageSchema":"1a1c01bbd47fc00a2c39e90264f33305004495a9","hash":"00362bed5e3316976a0316542eef23f0f03e4f9e"}
,"/Users/chrisfloyd/Sprints/FEC/hr-rpp28-front-end-capstone/client/src/components/overview/features.jsx": {"path":"/Users/chrisfloyd/Sprints/FEC/hr-rpp28-front-end-capstone/client/src/components/overview/features.jsx","statementMap":{"0":{"start":{"line":3,"column":21},"end":{"line":17,"column":1}},"1":{"start":{"line":4,"column":19},"end":{"line":12,"column":6}},"2":{"start":{"line":5,"column":4},"end":{"line":11,"column":6}},"3":{"start":{"line":14,"column":2},"end":{"line":16,"column":4}}},"fnMap":{"0":{"name":"(anonymous_0)","decl":{"start":{"line":3,"column":21},"end":{"line":3,"column":22}},"loc":{"start":{"line":3,"column":32},"end":{"line":17,"column":1}},"line":3},"1":{"name":"(anonymous_1)","decl":{"start":{"line":4,"column":42},"end":{"line":4,"column":43}},"loc":{"start":{"line":4,"column":55},"end":{"line":12,"column":5}},"line":4}},"branchMap":{},"s":{"0":1,"1":0,"2":0,"3":0},"f":{"0":0,"1":0},"b":{},"_coverageSchema":"1a1c01bbd47fc00a2c39e90264f33305004495a9","hash":"c156794f26ddf02180a442517cb9fb5495e4fe70"}
,"/Users/chrisfloyd/Sprints/FEC/hr-rpp28-front-end-capstone/client/src/components/overview/overview.jsx": {"path":"/Users/chrisfloyd/Sprints/FEC/hr-rpp28-front-end-capstone/client/src/components/overview/overview.jsx","statementMap":{"0":{"start":{"line":11,"column":4},"end":{"line":11,"column":17}},"1":{"start":{"line":14,"column":4},"end":{"line":39,"column":6}},"2":{"start":{"line":44,"column":22},"end":{"line":44,"column":35}},"3":{"start":{"line":45,"column":4},"end":{"line":49,"column":5}},"4":{"start":{"line":46,"column":6},"end":{"line":46,"column":41}},"5":{"start":{"line":48,"column":6},"end":{"line":48,"column":27}},"6":{"start":{"line":50,"column":4},"end":{"line":55,"column":5}},"7":{"start":{"line":52,"column":6},"end":{"line":52,"column":39}},"8":{"start":{"line":54,"column":6},"end":{"line":54,"column":27}},"9":{"start":{"line":62,"column":4},"end":{"line":64,"column":7}},"10":{"start":{"line":65,"column":4},"end":{"line":65,"column":49}},"11":{"start":{"line":69,"column":18},"end":{"line":69,"column":22}},"12":{"start":{"line":70,"column":4},"end":{"line":76,"column":9}},"13":{"start":{"line":72,"column":8},"end":{"line":72,"column":31}},"14":{"start":{"line":80,"column":18},"end":{"line":80,"column":22}},"15":{"start":{"line":81,"column":4},"end":{"line":87,"column":9}},"16":{"start":{"line":83,"column":8},"end":{"line":83,"column":31}},"17":{"start":{"line":91,"column":19},"end":{"line":91,"column":37}},"18":{"start":{"line":92,"column":4},"end":{"line":99,"column":5}},"19":{"start":{"line":92,"column":17},"end":{"line":92,"column":18}},"20":{"start":{"line":93,"column":6},"end":{"line":98,"column":7}},"21":{"start":{"line":94,"column":8},"end":{"line":96,"column":11}},"22":{"start":{"line":97,"column":8},"end":{"line":97,"column":71}},"23":{"start":{"line":113,"column":8},"end":{"line":113,"column":18}},"24":{"start":{"line":114,"column":4},"end":{"line":151,"column":6}}},"fnMap":{"0":{"name":"(anonymous_0)","decl":{"start":{"line":10,"column":2},"end":{"line":10,"column":3}},"loc":{"start":{"line":10,"column":21},"end":{"line":40,"column":3}},"line":10},"1":{"name":"(anonymous_1)","decl":{"start":{"line":42,"column":2},"end":{"line":42,"column":3}},"loc":{"start":{"line":42,"column":22},"end":{"line":59,"column":3}},"line":42},"2":{"name":"(anonymous_2)","decl":{"start":{"line":61,"column":2},"end":{"line":61,"column":3}},"loc":{"start":{"line":61,"column":14},"end":{"line":66,"column":3}},"line":61},"3":{"name":"(anonymous_3)","decl":{"start":{"line":68,"column":2},"end":{"line":68,"column":3}},"loc":{"start":{"line":68,"column":32},"end":{"line":77,"column":3}},"line":68},"4":{"name":"(anonymous_4)","decl":{"start":{"line":71,"column":12},"end":{"line":71,"column":13}},"loc":{"start":{"line":71,"column":32},"end":{"line":73,"column":7}},"line":71},"5":{"name":"(anonymous_5)","decl":{"start":{"line":74,"column":13},"end":{"line":74,"column":14}},"loc":{"start":{"line":74,"column":30},"end":{"line":76,"column":7}},"line":74},"6":{"name":"(anonymous_6)","decl":{"start":{"line":79,"column":2},"end":{"line":79,"column":3}},"loc":{"start":{"line":79,"column":30},"end":{"line":88,"column":3}},"line":79},"7":{"name":"(anonymous_7)","decl":{"start":{"line":82,"column":12},"end":{"line":82,"column":13}},"loc":{"start":{"line":82,"column":32},"end":{"line":84,"column":7}},"line":82},"8":{"name":"(anonymous_8)","decl":{"start":{"line":85,"column":13},"end":{"line":85,"column":14}},"loc":{"start":{"line":85,"column":30},"end":{"line":87,"column":7}},"line":85},"9":{"name":"(anonymous_9)","decl":{"start":{"line":90,"column":2},"end":{"line":90,"column":3}},"loc":{"start":{"line":90,"column":35},"end":{"line":100,"column":3}},"line":90},"10":{"name":"(anonymous_10)","decl":{"start":{"line":102,"column":2},"end":{"line":102,"column":3}},"loc":{"start":{"line":102,"column":11},"end":{"line":152,"column":3}},"line":102}},"branchMap":{"0":{"loc":{"start":{"line":93,"column":6},"end":{"line":98,"column":7}},"type":"if","locations":[{"start":{"line":93,"column":6},"end":{"line":98,"column":7}},{"start":{"line":93,"column":6},"end":{"line":98,"column":7}}],"line":93}},"s":{"0":1,"1":1,"2":1,"3":1,"4":1,"5":0,"6":1,"7":1,"8":0,"9":0,"10":0,"11":1,"12":1,"13":0,"14":1,"15":1,"16":0,"17":0,"18":0,"19":0,"20":0,"21":0,"22":0,"23":1,"24":1},"f":{"0":1,"1":1,"2":0,"3":1,"4":0,"5":0,"6":1,"7":0,"8":0,"9":0,"10":1},"b":{"0":[0,0]},"_coverageSchema":"1a1c01bbd47fc00a2c39e90264f33305004495a9","hash":"d8161f209c877cf2365e9f6c64e99b16dc2bd920"}
,"/Users/chrisfloyd/Sprints/FEC/hr-rpp28-front-end-capstone/client/src/components/overview/skus.jsx": {"path":"/Users/chrisfloyd/Sprints/FEC/hr-rpp28-front-end-capstone/client/src/components/overview/skus.jsx","statementMap":{"0":{"start":{"line":3,"column":13},"end":{"line":6,"column":1}},"1":{"start":{"line":4,"column":2},"end":{"line":4,"column":44}},"2":{"start":{"line":5,"column":2},"end":{"line":5,"column":14}}},"fnMap":{"0":{"name":"(anonymous_0)","decl":{"start":{"line":3,"column":13},"end":{"line":3,"column":14}},"loc":{"start":{"line":3,"column":24},"end":{"line":6,"column":1}},"line":3}},"branchMap":{},"s":{"0":1,"1":0,"2":0},"f":{"0":0},"b":{},"_coverageSchema":"1a1c01bbd47fc00a2c39e90264f33305004495a9","hash":"ae0d0466980d1301b98f7564d7dcc39bcbedfb0a"}
,"/Users/chrisfloyd/Sprints/FEC/hr-rpp28-front-end-capstone/client/src/components/overview/styles.jsx": {"path":"/Users/chrisfloyd/Sprints/FEC/hr-rpp28-front-end-capstone/client/src/components/overview/styles.jsx","statementMap":{"0":{"start":{"line":4,"column":15},"end":{"line":17,"column":1}},"1":{"start":{"line":6,"column":23},"end":{"line":8,"column":3}},"2":{"start":{"line":7,"column":4},"end":{"line":7,"column":58}},"3":{"start":{"line":9,"column":2},"end":{"line":16,"column":4}}},"fnMap":{"0":{"name":"(anonymous_0)","decl":{"start":{"line":4,"column":15},"end":{"line":4,"column":16}},"loc":{"start":{"line":4,"column":26},"end":{"line":17,"column":1}},"line":4},"1":{"name":"(anonymous_1)","decl":{"start":{"line":6,"column":41},"end":{"line":6,"column":42}},"loc":{"start":{"line":7,"column":4},"end":{"line":7,"column":58}},"line":7}},"branchMap":{},"s":{"0":1,"1":0,"2":0,"3":0},"f":{"0":0,"1":0},"b":{},"_coverageSchema":"1a1c01bbd47fc00a2c39e90264f33305004495a9","hash":"fff25dfc0120da86b8a0b387ac7ee8e0d2a0337b"}
,"/Users/chrisfloyd/Sprints/FEC/hr-rpp28-front-end-capstone/client/src/components/questionanswer/listanswersexample.js": {"path":"/Users/chrisfloyd/Sprints/FEC/hr-rpp28-front-end-capstone/client/src/components/questionanswer/listanswersexample.js","statementMap":{"0":{"start":{"line":1,"column":18},"end":{"line":33,"column":1}}},"fnMap":{},"branchMap":{},"s":{"0":1},"f":{},"b":{},"_coverageSchema":"1a1c01bbd47fc00a2c39e90264f33305004495a9","hash":"ffab7f322eff5f0c1343fe7064d7ad0c8cd39609"}
,"/Users/chrisfloyd/Sprints/FEC/hr-rpp28-front-end-capstone/client/src/components/questionanswer/listquestionsexample.js": {"path":"/Users/chrisfloyd/Sprints/FEC/hr-rpp28-front-end-capstone/client/src/components/questionanswer/listquestionsexample.js","statementMap":{"0":{"start":{"line":2,"column":20},"end":{"line":50,"column":1}}},"fnMap":{},"branchMap":{},"s":{"0":1},"f":{},"b":{},"_coverageSchema":"1a1c01bbd47fc00a2c39e90264f33305004495a9","hash":"0ce9233f05514d6ef9a72855602765e1f9707ade"}
,"/Users/chrisfloyd/Sprints/FEC/hr-rpp28-front-end-capstone/client/src/components/questionanswer/questionanswer.jsx": {"path":"/Users/chrisfloyd/Sprints/FEC/hr-rpp28-front-end-capstone/client/src/components/questionanswer/questionanswer.jsx","statementMap":{"0":{"start":{"line":13,"column":4},"end":{"line":13,"column":17}},"1":{"start":{"line":14,"column":4},"end":{"line":14,"column":20}},"2":{"start":{"line":19,"column":4},"end":{"line":29,"column":5}},"3":{"start":{"line":35,"column":4},"end":{"line":35,"column":17}},"4":{"start":{"line":36,"column":4},"end":{"line":40,"column":5}},"5":{"start":{"line":44,"column":4},"end":{"line":44,"column":71}},"6":{"start":{"line":45,"column":4},"end":{"line":45,"column":66}},"7":{"start":{"line":46,"column":4},"end":{"line":46,"column":56}},"8":{"start":{"line":51,"column":4},"end":{"line":51,"column":80}},"9":{"start":{"line":52,"column":4},"end":{"line":52,"column":66}},"10":{"start":{"line":53,"column":4},"end":{"line":53,"column":56}},"11":{"start":{"line":57,"column":4},"end":{"line":87,"column":5}},"12":{"start":{"line":63,"column":62},"end":{"line":63,"column":155}}},"fnMap":{"0":{"name":"(anonymous_0)","decl":{"start":{"line":12,"column":2},"end":{"line":12,"column":3}},"loc":{"start":{"line":12,"column":21},"end":{"line":15,"column":3}},"line":12},"1":{"name":"(anonymous_1)","decl":{"start":{"line":17,"column":2},"end":{"line":17,"column":3}},"loc":{"start":{"line":17,"column":11},"end":{"line":30,"column":3}},"line":17},"2":{"name":"(anonymous_2)","decl":{"start":{"line":34,"column":2},"end":{"line":34,"column":3}},"loc":{"start":{"line":34,"column":21},"end":{"line":41,"column":3}},"line":34},"3":{"name":"(anonymous_3)","decl":{"start":{"line":43,"column":2},"end":{"line":43,"column":3}},"loc":{"start":{"line":43,"column":22},"end":{"line":47,"column":3}},"line":43},"4":{"name":"(anonymous_4)","decl":{"start":{"line":50,"column":2},"end":{"line":50,"column":3}},"loc":{"start":{"line":50,"column":22},"end":{"line":54,"column":3}},"line":50},"5":{"name":"(anonymous_5)","decl":{"start":{"line":56,"column":2},"end":{"line":56,"column":3}},"loc":{"start":{"line":56,"column":12},"end":{"line":88,"column":3}},"line":56},"6":{"name":"(anonymous_6)","decl":{"start":{"line":63,"column":48},"end":{"line":63,"column":49}},"loc":{"start":{"line":63,"column":62},"end":{"line":63,"column":155}},"line":63}},"branchMap":{},"s":{"0":0,"1":0,"2":0,"3":1,"4":1,"5":0,"6":0,"7":0,"8":0,"9":0,"10":0,"11":1,"12":2},"f":{"0":0,"1":0,"2":1,"3":0,"4":0,"5":1,"6":2},"b":{},"_coverageSchema":"1a1c01bbd47fc00a2c39e90264f33305004495a9","hash":"6e330627f41f806419acbce27869b8117de9fcd4"}
,"/Users/chrisfloyd/Sprints/FEC/hr-rpp28-front-end-capstone/client/src/components/questionanswer/Photobar/photobar.jsx": {"path":"/Users/chrisfloyd/Sprints/FEC/hr-rpp28-front-end-capstone/client/src/components/questionanswer/Photobar/photobar.jsx","statementMap":{"0":{"start":{"line":5,"column":4},"end":{"line":5,"column":17}},"1":{"start":{"line":6,"column":4},"end":{"line":6,"column":20}},"2":{"start":{"line":9,"column":4},"end":{"line":11,"column":5}},"3":{"start":{"line":10,"column":6},"end":{"line":10,"column":18}},"4":{"start":{"line":12,"column":4},"end":{"line":16,"column":5}},"5":{"start":{"line":14,"column":42},"end":{"line":14,"column":92}}},"fnMap":{"0":{"name":"(anonymous_0)","decl":{"start":{"line":4,"column":2},"end":{"line":4,"column":3}},"loc":{"start":{"line":4,"column":21},"end":{"line":7,"column":3}},"line":4},"1":{"name":"(anonymous_1)","decl":{"start":{"line":8,"column":2},"end":{"line":8,"column":3}},"loc":{"start":{"line":8,"column":12},"end":{"line":17,"column":3}},"line":8},"2":{"name":"(anonymous_2)","decl":{"start":{"line":14,"column":31},"end":{"line":14,"column":32}},"loc":{"start":{"line":14,"column":42},"end":{"line":14,"column":92}},"line":14}},"branchMap":{"0":{"loc":{"start":{"line":9,"column":4},"end":{"line":11,"column":5}},"type":"if","locations":[{"start":{"line":9,"column":4},"end":{"line":11,"column":5}},{"start":{"line":9,"column":4},"end":{"line":11,"column":5}}],"line":9},"1":{"loc":{"start":{"line":9,"column":8},"end":{"line":9,"column":64}},"type":"binary-expr","locations":[{"start":{"line":9,"column":9},"end":{"line":9,"column":27}},{"start":{"line":9,"column":33},"end":{"line":9,"column":63}}],"line":9}},"s":{"0":0,"1":0,"2":0,"3":0,"4":0,"5":0},"f":{"0":0,"1":0,"2":0},"b":{"0":[0,0],"1":[0,0]},"_coverageSchema":"1a1c01bbd47fc00a2c39e90264f33305004495a9","hash":"947c65ec2a0d8a9aa6fa11ac0867707f65cf32b6"}
,"/Users/chrisfloyd/Sprints/FEC/hr-rpp28-front-end-capstone/client/src/components/questionanswer/QAModals/addanswermodal.jsx": {"path":"/Users/chrisfloyd/Sprints/FEC/hr-rpp28-front-end-capstone/client/src/components/questionanswer/QAModals/addanswermodal.jsx","statementMap":{"0":{"start":{"line":8,"column":4},"end":{"line":8,"column":17}},"1":{"start":{"line":9,"column":4},"end":{"line":9,"column":20}},"2":{"start":{"line":12,"column":4},"end":{"line":14,"column":5}},"3":{"start":{"line":13,"column":6},"end":{"line":13,"column":18}},"4":{"start":{"line":15,"column":4},"end":{"line":19,"column":5}},"5":{"start":{"line":17,"column":42},"end":{"line":17,"column":92}},"6":{"start":{"line":26,"column":4},"end":{"line":26,"column":17}},"7":{"start":{"line":27,"column":4},"end":{"line":29,"column":6}},"8":{"start":{"line":31,"column":4},"end":{"line":31,"column":59}},"9":{"start":{"line":36,"column":4},"end":{"line":36,"column":63}},"10":{"start":{"line":41,"column":4},"end":{"line":41,"column":44}},"11":{"start":{"line":42,"column":4},"end":{"line":42,"column":32}},"12":{"start":{"line":45,"column":19},"end":{"line":45,"column":33}},"13":{"start":{"line":47,"column":4},"end":{"line":47,"column":52}},"14":{"start":{"line":48,"column":4},"end":{"line":58,"column":7}},"15":{"start":{"line":53,"column":6},"end":{"line":53,"column":49}},"16":{"start":{"line":54,"column":21},"end":{"line":54,"column":38}},"17":{"start":{"line":56,"column":6},"end":{"line":56,"column":42}},"18":{"start":{"line":57,"column":6},"end":{"line":57,"column":40}},"19":{"start":{"line":65,"column":4},"end":{"line":74,"column":5}},"20":{"start":{"line":85,"column":4},"end":{"line":85,"column":17}},"21":{"start":{"line":86,"column":4},"end":{"line":95,"column":6}},"22":{"start":{"line":111,"column":4},"end":{"line":111,"column":33}},"23":{"start":{"line":117,"column":23},"end":{"line":117,"column":85}},"24":{"start":{"line":119,"column":4},"end":{"line":128,"column":5}},"25":{"start":{"line":120,"column":20},"end":{"line":120,"column":68}},"26":{"start":{"line":122,"column":22},"end":{"line":122,"column":27}},"27":{"start":{"line":123,"column":6},"end":{"line":125,"column":7}},"28":{"start":{"line":124,"column":8},"end":{"line":124,"column":25}},"29":{"start":{"line":127,"column":6},"end":{"line":127,"column":47}},"30":{"start":{"line":131,"column":4},"end":{"line":133,"column":5}},"31":{"start":{"line":132,"column":6},"end":{"line":132,"column":46}},"32":{"start":{"line":135,"column":4},"end":{"line":135,"column":24}},"33":{"start":{"line":142,"column":4},"end":{"line":142,"column":23}},"34":{"start":{"line":145,"column":4},"end":{"line":160,"column":5}},"35":{"start":{"line":146,"column":6},"end":{"line":156,"column":8}},"36":{"start":{"line":152,"column":8},"end":{"line":152,"column":64}},"37":{"start":{"line":155,"column":8},"end":{"line":155,"column":55}},"38":{"start":{"line":159,"column":6},"end":{"line":159,"column":46}},"39":{"start":{"line":165,"column":5},"end":{"line":165,"column":54}},"40":{"start":{"line":166,"column":5},"end":{"line":166,"column":67}},"41":{"start":{"line":171,"column":4},"end":{"line":176,"column":5}},"42":{"start":{"line":172,"column":6},"end":{"line":175,"column":9}},"43":{"start":{"line":180,"column":4},"end":{"line":185,"column":5}},"44":{"start":{"line":181,"column":6},"end":{"line":184,"column":9}},"45":{"start":{"line":190,"column":4},"end":{"line":192,"column":5}},"46":{"start":{"line":191,"column":6},"end":{"line":191,"column":18}},"47":{"start":{"line":194,"column":4},"end":{"line":237,"column":5}}},"fnMap":{"0":{"name":"(anonymous_0)","decl":{"start":{"line":7,"column":2},"end":{"line":7,"column":3}},"loc":{"start":{"line":7,"column":21},"end":{"line":10,"column":3}},"line":7},"1":{"name":"(anonymous_1)","decl":{"start":{"line":11,"column":2},"end":{"line":11,"column":3}},"loc":{"start":{"line":11,"column":12},"end":{"line":20,"column":3}},"line":11},"2":{"name":"(anonymous_2)","decl":{"start":{"line":17,"column":31},"end":{"line":17,"column":32}},"loc":{"start":{"line":17,"column":42},"end":{"line":17,"column":92}},"line":17},"3":{"name":"(anonymous_3)","decl":{"start":{"line":25,"column":2},"end":{"line":25,"column":3}},"loc":{"start":{"line":25,"column":21},"end":{"line":32,"column":3}},"line":25},"4":{"name":"(anonymous_4)","decl":{"start":{"line":34,"column":2},"end":{"line":34,"column":3}},"loc":{"start":{"line":34,"column":22},"end":{"line":38,"column":3}},"line":34},"5":{"name":"(anonymous_5)","decl":{"start":{"line":40,"column":2},"end":{"line":40,"column":3}},"loc":{"start":{"line":40,"column":22},"end":{"line":61,"column":3}},"line":40},"6":{"name":"(anonymous_6)","decl":{"start":{"line":52,"column":12},"end":{"line":52,"column":13}},"loc":{"start":{"line":52,"column":26},"end":{"line":58,"column":5}},"line":52},"7":{"name":"(anonymous_7)","decl":{"start":{"line":63,"column":2},"end":{"line":63,"column":3}},"loc":{"start":{"line":63,"column":11},"end":{"line":75,"column":3}},"line":63},"8":{"name":"(anonymous_8)","decl":{"start":{"line":84,"column":2},"end":{"line":84,"column":3}},"loc":{"start":{"line":84,"column":21},"end":{"line":96,"column":3}},"line":84},"9":{"name":"(anonymous_9)","decl":{"start":{"line":109,"column":2},"end":{"line":109,"column":3}},"loc":{"start":{"line":109,"column":25},"end":{"line":112,"column":3}},"line":109},"10":{"name":"(anonymous_10)","decl":{"start":{"line":115,"column":2},"end":{"line":115,"column":3}},"loc":{"start":{"line":115,"column":15},"end":{"line":138,"column":3}},"line":115},"11":{"name":"(anonymous_11)","decl":{"start":{"line":141,"column":2},"end":{"line":141,"column":3}},"loc":{"start":{"line":141,"column":19},"end":{"line":161,"column":3}},"line":141},"12":{"name":"(anonymous_12)","decl":{"start":{"line":151,"column":12},"end":{"line":151,"column":13}},"loc":{"start":{"line":151,"column":26},"end":{"line":153,"column":7}},"line":151},"13":{"name":"(anonymous_13)","decl":{"start":{"line":154,"column":13},"end":{"line":154,"column":14}},"loc":{"start":{"line":154,"column":22},"end":{"line":156,"column":7}},"line":154},"14":{"name":"(anonymous_14)","decl":{"start":{"line":164,"column":2},"end":{"line":164,"column":3}},"loc":{"start":{"line":164,"column":19},"end":{"line":168,"column":3}},"line":164},"15":{"name":"(anonymous_15)","decl":{"start":{"line":170,"column":2},"end":{"line":170,"column":3}},"loc":{"start":{"line":170,"column":26},"end":{"line":177,"column":3}},"line":170},"16":{"name":"(anonymous_16)","decl":{"start":{"line":179,"column":2},"end":{"line":179,"column":3}},"loc":{"start":{"line":179,"column":23},"end":{"line":186,"column":3}},"line":179},"17":{"name":"(anonymous_17)","decl":{"start":{"line":188,"column":2},"end":{"line":188,"column":3}},"loc":{"start":{"line":188,"column":11},"end":{"line":238,"column":3}},"line":188}},"branchMap":{"0":{"loc":{"start":{"line":12,"column":4},"end":{"line":14,"column":5}},"type":"if","locations":[{"start":{"line":12,"column":4},"end":{"line":14,"column":5}},{"start":{"line":12,"column":4},"end":{"line":14,"column":5}}],"line":12},"1":{"loc":{"start":{"line":12,"column":8},"end":{"line":12,"column":64}},"type":"binary-expr","locations":[{"start":{"line":12,"column":9},"end":{"line":12,"column":27}},{"start":{"line":12,"column":33},"end":{"line":12,"column":63}}],"line":12},"2":{"loc":{"start":{"line":117,"column":23},"end":{"line":117,"column":85}},"type":"binary-expr","locations":[{"start":{"line":117,"column":23},"end":{"line":117,"column":42}},{"start":{"line":117,"column":46},"end":{"line":117,"column":62}},{"start":{"line":117,"column":66},"end":{"line":117,"column":85}}],"line":117},"3":{"loc":{"start":{"line":119,"column":4},"end":{"line":128,"column":5}},"type":"if","locations":[{"start":{"line":119,"column":4},"end":{"line":128,"column":5}},{"start":{"line":119,"column":4},"end":{"line":128,"column":5}}],"line":119},"4":{"loc":{"start":{"line":123,"column":6},"end":{"line":125,"column":7}},"type":"if","locations":[{"start":{"line":123,"column":6},"end":{"line":125,"column":7}},{"start":{"line":123,"column":6},"end":{"line":125,"column":7}}],"line":123},"5":{"loc":{"start":{"line":127,"column":21},"end":{"line":127,"column":46}},"type":"binary-expr","locations":[{"start":{"line":127,"column":21},"end":{"line":127,"column":33}},{"start":{"line":127,"column":37},"end":{"line":127,"column":46}}],"line":127},"6":{"loc":{"start":{"line":131,"column":4},"end":{"line":133,"column":5}},"type":"if","locations":[{"start":{"line":131,"column":4},"end":{"line":133,"column":5}},{"start":{"line":131,"column":4},"end":{"line":133,"column":5}}],"line":131},"7":{"loc":{"start":{"line":145,"column":4},"end":{"line":160,"column":5}},"type":"if","locations":[{"start":{"line":145,"column":4},"end":{"line":160,"column":5}},{"start":{"line":145,"column":4},"end":{"line":160,"column":5}}],"line":145},"8":{"loc":{"start":{"line":171,"column":4},"end":{"line":176,"column":5}},"type":"if","locations":[{"start":{"line":171,"column":4},"end":{"line":176,"column":5}},{"start":{"line":171,"column":4},"end":{"line":176,"column":5}}],"line":171},"9":{"loc":{"start":{"line":180,"column":4},"end":{"line":185,"column":5}},"type":"if","locations":[{"start":{"line":180,"column":4},"end":{"line":185,"column":5}},{"start":{"line":180,"column":4},"end":{"line":185,"column":5}}],"line":180},"10":{"loc":{"start":{"line":190,"column":4},"end":{"line":192,"column":5}},"type":"if","locations":[{"start":{"line":190,"column":4},"end":{"line":192,"column":5}},{"start":{"line":190,"column":4},"end":{"line":192,"column":5}}],"line":190}},"s":{"0":0,"1":0,"2":0,"3":0,"4":0,"5":0,"6":0,"7":0,"8":0,"9":0,"10":0,"11":0,"12":0,"13":0,"14":0,"15":0,"16":0,"17":0,"18":0,"19":0,"20":0,"21":0,"22":0,"23":0,"24":0,"25":0,"26":0,"27":0,"28":0,"29":0,"30":0,"31":0,"32":0,"33":0,"34":0,"35":0,"36":0,"37":0,"38":0,"39":0,"40":0,"41":0,"42":0,"43":0,"44":0,"45":0,"46":0,"47":0},"f":{"0":0,"1":0,"2":0,"3":0,"4":0,"5":0,"6":0,"7":0,"8":0,"9":0,"10":0,"11":0,"12":0,"13":0,"14":0,"15":0,"16":0,"17":0},"b":{"0":[0,0],"1":[0,0],"2":[0,0,0],"3":[0,0],"4":[0,0],"5":[0,0],"6":[0,0],"7":[0,0],"8":[0,0],"9":[0,0],"10":[0,0]},"_coverageSchema":"1a1c01bbd47fc00a2c39e90264f33305004495a9","hash":"a636e1fa96a908e64b5610e5984b6f07ef4f5f5a"}
,"/Users/chrisfloyd/Sprints/FEC/hr-rpp28-front-end-capstone/client/src/components/questionanswer/QAModals/addquestionmodal.jsx": {"path":"/Users/chrisfloyd/Sprints/FEC/hr-rpp28-front-end-capstone/client/src/components/questionanswer/QAModals/addquestionmodal.jsx","statementMap":{"0":{"start":{"line":7,"column":4},"end":{"line":7,"column":17}},"1":{"start":{"line":8,"column":4},"end":{"line":16,"column":6}},"2":{"start":{"line":32,"column":4},"end":{"line":32,"column":33}},"3":{"start":{"line":36,"column":23},"end":{"line":36,"column":85}},"4":{"start":{"line":37,"column":4},"end":{"line":45,"column":5}},"5":{"start":{"line":38,"column":20},"end":{"line":38,"column":68}},"6":{"start":{"line":39,"column":22},"end":{"line":39,"column":27}},"7":{"start":{"line":40,"column":6},"end":{"line":42,"column":7}},"8":{"start":{"line":41,"column":8},"end":{"line":41,"column":25}},"9":{"start":{"line":44,"column":6},"end":{"line":44,"column":47}},"10":{"start":{"line":48,"column":4},"end":{"line":50,"column":5}},"11":{"start":{"line":49,"column":6},"end":{"line":49,"column":46}},"12":{"start":{"line":52,"column":4},"end":{"line":52,"column":24}},"13":{"start":{"line":59,"column":4},"end":{"line":59,"column":23}},"14":{"start":{"line":62,"column":4},"end":{"line":77,"column":5}},"15":{"start":{"line":63,"column":6},"end":{"line":73,"column":11}},"16":{"start":{"line":69,"column":10},"end":{"line":69,"column":68}},"17":{"start":{"line":72,"column":10},"end":{"line":72,"column":59}},"18":{"start":{"line":76,"column":6},"end":{"line":76,"column":46}},"19":{"start":{"line":81,"column":4},"end":{"line":81,"column":54}},"20":{"start":{"line":82,"column":4},"end":{"line":82,"column":66}},"21":{"start":{"line":86,"column":4},"end":{"line":91,"column":5}},"22":{"start":{"line":87,"column":6},"end":{"line":90,"column":9}},"23":{"start":{"line":95,"column":4},"end":{"line":100,"column":5}},"24":{"start":{"line":96,"column":6},"end":{"line":99,"column":9}},"25":{"start":{"line":104,"column":4},"end":{"line":106,"column":5}},"26":{"start":{"line":105,"column":6},"end":{"line":105,"column":18}},"27":{"start":{"line":108,"column":4},"end":{"line":145,"column":6}}},"fnMap":{"0":{"name":"(anonymous_0)","decl":{"start":{"line":6,"column":2},"end":{"line":6,"column":3}},"loc":{"start":{"line":6,"column":21},"end":{"line":17,"column":3}},"line":6},"1":{"name":"(anonymous_1)","decl":{"start":{"line":30,"column":2},"end":{"line":30,"column":3}},"loc":{"start":{"line":30,"column":25},"end":{"line":33,"column":3}},"line":30},"2":{"name":"(anonymous_2)","decl":{"start":{"line":35,"column":2},"end":{"line":35,"column":3}},"loc":{"start":{"line":35,"column":15},"end":{"line":55,"column":3}},"line":35},"3":{"name":"(anonymous_3)","decl":{"start":{"line":58,"column":2},"end":{"line":58,"column":3}},"loc":{"start":{"line":58,"column":19},"end":{"line":78,"column":3}},"line":58},"4":{"name":"(anonymous_4)","decl":{"start":{"line":68,"column":14},"end":{"line":68,"column":15}},"loc":{"start":{"line":68,"column":28},"end":{"line":70,"column":9}},"line":68},"5":{"name":"(anonymous_5)","decl":{"start":{"line":71,"column":15},"end":{"line":71,"column":16}},"loc":{"start":{"line":71,"column":24},"end":{"line":73,"column":9}},"line":71},"6":{"name":"(anonymous_6)","decl":{"start":{"line":80,"column":2},"end":{"line":80,"column":3}},"loc":{"start":{"line":80,"column":19},"end":{"line":83,"column":3}},"line":80},"7":{"name":"(anonymous_7)","decl":{"start":{"line":85,"column":2},"end":{"line":85,"column":3}},"loc":{"start":{"line":85,"column":26},"end":{"line":92,"column":3}},"line":85},"8":{"name":"(anonymous_8)","decl":{"start":{"line":94,"column":2},"end":{"line":94,"column":3}},"loc":{"start":{"line":94,"column":23},"end":{"line":101,"column":3}},"line":94},"9":{"name":"(anonymous_9)","decl":{"start":{"line":103,"column":2},"end":{"line":103,"column":3}},"loc":{"start":{"line":103,"column":11},"end":{"line":146,"column":3}},"line":103}},"branchMap":{"0":{"loc":{"start":{"line":36,"column":23},"end":{"line":36,"column":85}},"type":"binary-expr","locations":[{"start":{"line":36,"column":23},"end":{"line":36,"column":42}},{"start":{"line":36,"column":46},"end":{"line":36,"column":62}},{"start":{"line":36,"column":66},"end":{"line":36,"column":85}}],"line":36},"1":{"loc":{"start":{"line":37,"column":4},"end":{"line":45,"column":5}},"type":"if","locations":[{"start":{"line":37,"column":4},"end":{"line":45,"column":5}},{"start":{"line":37,"column":4},"end":{"line":45,"column":5}}],"line":37},"2":{"loc":{"start":{"line":40,"column":6},"end":{"line":42,"column":7}},"type":"if","locations":[{"start":{"line":40,"column":6},"end":{"line":42,"column":7}},{"start":{"line":40,"column":6},"end":{"line":42,"column":7}}],"line":40},"3":{"loc":{"start":{"line":44,"column":21},"end":{"line":44,"column":46}},"type":"binary-expr","locations":[{"start":{"line":44,"column":21},"end":{"line":44,"column":33}},{"start":{"line":44,"column":37},"end":{"line":44,"column":46}}],"line":44},"4":{"loc":{"start":{"line":48,"column":4},"end":{"line":50,"column":5}},"type":"if","locations":[{"start":{"line":48,"column":4},"end":{"line":50,"column":5}},{"start":{"line":48,"column":4},"end":{"line":50,"column":5}}],"line":48},"5":{"loc":{"start":{"line":62,"column":4},"end":{"line":77,"column":5}},"type":"if","locations":[{"start":{"line":62,"column":4},"end":{"line":77,"column":5}},{"start":{"line":62,"column":4},"end":{"line":77,"column":5}}],"line":62},"6":{"loc":{"start":{"line":86,"column":4},"end":{"line":91,"column":5}},"type":"if","locations":[{"start":{"line":86,"column":4},"end":{"line":91,"column":5}},{"start":{"line":86,"column":4},"end":{"line":91,"column":5}}],"line":86},"7":{"loc":{"start":{"line":95,"column":4},"end":{"line":100,"column":5}},"type":"if","locations":[{"start":{"line":95,"column":4},"end":{"line":100,"column":5}},{"start":{"line":95,"column":4},"end":{"line":100,"column":5}}],"line":95},"8":{"loc":{"start":{"line":104,"column":4},"end":{"line":106,"column":5}},"type":"if","locations":[{"start":{"line":104,"column":4},"end":{"line":106,"column":5}},{"start":{"line":104,"column":4},"end":{"line":106,"column":5}}],"line":104}},"s":{"0":0,"1":0,"2":0,"3":0,"4":0,"5":0,"6":0,"7":0,"8":0,"9":0,"10":0,"11":0,"12":0,"13":0,"14":0,"15":0,"16":0,"17":0,"18":0,"19":0,"20":0,"21":0,"22":0,"23":0,"24":0,"25":0,"26":0,"27":0},"f":{"0":0,"1":0,"2":0,"3":0,"4":0,"5":0,"6":0,"7":0,"8":0,"9":0},"b":{"0":[0,0,0],"1":[0,0],"2":[0,0],"3":[0,0],"4":[0,0],"5":[0,0],"6":[0,0],"7":[0,0],"8":[0,0]},"_coverageSchema":"1a1c01bbd47fc00a2c39e90264f33305004495a9","hash":"5803c7f697e14694ef3d457b14f0255140aab8d8"}
,"/Users/chrisfloyd/Sprints/FEC/hr-rpp28-front-end-capstone/client/src/components/questionanswer/SearchQuestionBar/searchquestionbar.jsx": {"path":"/Users/chrisfloyd/Sprints/FEC/hr-rpp28-front-end-capstone/client/src/components/questionanswer/SearchQuestionBar/searchquestionbar.jsx","statementMap":{"0":{"start":{"line":6,"column":4},"end":{"line":6,"column":17}},"1":{"start":{"line":7,"column":4},"end":{"line":9,"column":6}},"2":{"start":{"line":13,"column":4},"end":{"line":13,"column":50}},"3":{"start":{"line":15,"column":4},"end":{"line":20,"column":5}},"4":{"start":{"line":16,"column":6},"end":{"line":19,"column":11}},"5":{"start":{"line":18,"column":10},"end":{"line":18,"column":46}},"6":{"start":{"line":24,"column":4},"end":{"line":24,"column":38}},"7":{"start":{"line":28,"column":4},"end":{"line":34,"column":5}}},"fnMap":{"0":{"name":"(anonymous_0)","decl":{"start":{"line":5,"column":2},"end":{"line":5,"column":3}},"loc":{"start":{"line":5,"column":21},"end":{"line":10,"column":3}},"line":5},"1":{"name":"(anonymous_1)","decl":{"start":{"line":12,"column":2},"end":{"line":12,"column":3}},"loc":{"start":{"line":12,"column":18},"end":{"line":21,"column":3}},"line":12},"2":{"name":"(anonymous_2)","decl":{"start":{"line":17,"column":14},"end":{"line":17,"column":15}},"loc":{"start":{"line":17,"column":28},"end":{"line":19,"column":9}},"line":17},"3":{"name":"(anonymous_3)","decl":{"start":{"line":23,"column":2},"end":{"line":23,"column":3}},"loc":{"start":{"line":23,"column":17},"end":{"line":25,"column":3}},"line":23},"4":{"name":"(anonymous_4)","decl":{"start":{"line":27,"column":2},"end":{"line":27,"column":3}},"loc":{"start":{"line":27,"column":11},"end":{"line":35,"column":3}},"line":27}},"branchMap":{"0":{"loc":{"start":{"line":15,"column":4},"end":{"line":20,"column":5}},"type":"if","locations":[{"start":{"line":15,"column":4},"end":{"line":20,"column":5}},{"start":{"line":15,"column":4},"end":{"line":20,"column":5}}],"line":15}},"s":{"0":0,"1":0,"2":0,"3":0,"4":0,"5":0,"6":0,"7":0},"f":{"0":0,"1":0,"2":0,"3":0,"4":0},"b":{"0":[0,0]},"_coverageSchema":"1a1c01bbd47fc00a2c39e90264f33305004495a9","hash":"7e9b17d6ba9be293893970cb61118d76d7a3dbeb"}
,"/Users/chrisfloyd/Sprints/FEC/hr-rpp28-front-end-capstone/client/src/components/questionanswer/SingleQuestionAnswer/singleanswer.jsx": {"path":"/Users/chrisfloyd/Sprints/FEC/hr-rpp28-front-end-capstone/client/src/components/questionanswer/SingleQuestionAnswer/singleanswer.jsx","statementMap":{"0":{"start":{"line":8,"column":4},"end":{"line":8,"column":17}},"1":{"start":{"line":9,"column":4},"end":{"line":9,"column":35}},"2":{"start":{"line":12,"column":18},"end":{"line":17,"column":3}},"3":{"start":{"line":13,"column":4},"end":{"line":16,"column":6}},"4":{"start":{"line":15,"column":6},"end":{"line":15,"column":78}},"5":{"start":{"line":19,"column":17},"end":{"line":24,"column":3}},"6":{"start":{"line":20,"column":4},"end":{"line":23,"column":6}},"7":{"start":{"line":22,"column":6},"end":{"line":22,"column":77}},"8":{"start":{"line":27,"column":4},"end":{"line":50,"column":5}}},"fnMap":{"0":{"name":"(anonymous_0)","decl":{"start":{"line":7,"column":2},"end":{"line":7,"column":3}},"loc":{"start":{"line":7,"column":21},"end":{"line":10,"column":3}},"line":7},"1":{"name":"(anonymous_1)","decl":{"start":{"line":12,"column":18},"end":{"line":12,"column":19}},"loc":{"start":{"line":12,"column":27},"end":{"line":17,"column":3}},"line":12},"2":{"name":"(anonymous_2)","decl":{"start":{"line":14,"column":10},"end":{"line":14,"column":11}},"loc":{"start":{"line":14,"column":24},"end":{"line":16,"column":5}},"line":14},"3":{"name":"(anonymous_3)","decl":{"start":{"line":19,"column":17},"end":{"line":19,"column":18}},"loc":{"start":{"line":19,"column":26},"end":{"line":24,"column":3}},"line":19},"4":{"name":"(anonymous_4)","decl":{"start":{"line":21,"column":10},"end":{"line":21,"column":11}},"loc":{"start":{"line":21,"column":24},"end":{"line":23,"column":5}},"line":21},"5":{"name":"(anonymous_5)","decl":{"start":{"line":26,"column":2},"end":{"line":26,"column":3}},"loc":{"start":{"line":26,"column":12},"end":{"line":51,"column":3}},"line":26}},"branchMap":{},"s":{"0":0,"1":0,"2":0,"3":0,"4":0,"5":0,"6":0,"7":0,"8":0},"f":{"0":0,"1":0,"2":0,"3":0,"4":0,"5":0},"b":{},"_coverageSchema":"1a1c01bbd47fc00a2c39e90264f33305004495a9","hash":"a82847f7c58422881a7325b7fb5e09cc396884e1"}
,"/Users/chrisfloyd/Sprints/FEC/hr-rpp28-front-end-capstone/client/src/components/questionanswer/SingleQuestionAnswer/singlequestion.jsx": {"path":"/Users/chrisfloyd/Sprints/FEC/hr-rpp28-front-end-capstone/client/src/components/questionanswer/SingleQuestionAnswer/singlequestion.jsx","statementMap":{"0":{"start":{"line":7,"column":4},"end":{"line":7,"column":17}},"1":{"start":{"line":8,"column":4},"end":{"line":10,"column":5}},"2":{"start":{"line":14,"column":18},"end":{"line":22,"column":3}},"3":{"start":{"line":15,"column":4},"end":{"line":21,"column":6}},"4":{"start":{"line":17,"column":6},"end":{"line":17,"column":87}},"5":{"start":{"line":20,"column":6},"end":{"line":20,"column":76}},"6":{"start":{"line":24,"column":21},"end":{"line":26,"column":3}},"7":{"start":{"line":25,"column":4},"end":{"line":25,"column":47}},"8":{"start":{"line":29,"column":4},"end":{"line":39,"column":5}}},"fnMap":{"0":{"name":"(anonymous_0)","decl":{"start":{"line":6,"column":2},"end":{"line":6,"column":3}},"loc":{"start":{"line":6,"column":21},"end":{"line":12,"column":3}},"line":6},"1":{"name":"(anonymous_1)","decl":{"start":{"line":14,"column":18},"end":{"line":14,"column":19}},"loc":{"start":{"line":14,"column":27},"end":{"line":22,"column":3}},"line":14},"2":{"name":"(anonymous_2)","decl":{"start":{"line":16,"column":10},"end":{"line":16,"column":11}},"loc":{"start":{"line":16,"column":24},"end":{"line":18,"column":5}},"line":16},"3":{"name":"(anonymous_3)","decl":{"start":{"line":19,"column":11},"end":{"line":19,"column":12}},"loc":{"start":{"line":19,"column":20},"end":{"line":21,"column":5}},"line":19},"4":{"name":"(anonymous_4)","decl":{"start":{"line":24,"column":21},"end":{"line":24,"column":22}},"loc":{"start":{"line":24,"column":30},"end":{"line":26,"column":3}},"line":24},"5":{"name":"(anonymous_5)","decl":{"start":{"line":28,"column":2},"end":{"line":28,"column":3}},"loc":{"start":{"line":28,"column":12},"end":{"line":40,"column":3}},"line":28}},"branchMap":{},"s":{"0":0,"1":0,"2":0,"3":0,"4":0,"5":0,"6":0,"7":0,"8":0},"f":{"0":0,"1":0,"2":0,"3":0,"4":0,"5":0},"b":{},"_coverageSchema":"1a1c01bbd47fc00a2c39e90264f33305004495a9","hash":"e52850b81ab0dbb864f824f5f705a30a5e1b86a3"}
,"/Users/chrisfloyd/Sprints/FEC/hr-rpp28-front-end-capstone/client/src/components/questionanswer/SingleQuestionAnswer/singlequestionanswer.jsx": {"path":"/Users/chrisfloyd/Sprints/FEC/hr-rpp28-front-end-capstone/client/src/components/questionanswer/SingleQuestionAnswer/singlequestionanswer.jsx","statementMap":{"0":{"start":{"line":9,"column":4},"end":{"line":9,"column":17}},"1":{"start":{"line":11,"column":4},"end":{"line":15,"column":6}},"2":{"start":{"line":19,"column":4},"end":{"line":19,"column":69}},"3":{"start":{"line":20,"column":4},"end":{"line":20,"column":88}},"4":{"start":{"line":24,"column":21},"end":{"line":25,"column":71}},"5":{"start":{"line":25,"column":6},"end":{"line":25,"column":70}},"6":{"start":{"line":27,"column":22},"end":{"line":28,"column":39}},"7":{"start":{"line":28,"column":6},"end":{"line":28,"column":38}},"8":{"start":{"line":30,"column":4},"end":{"line":50,"column":5}}},"fnMap":{"0":{"name":"(anonymous_0)","decl":{"start":{"line":8,"column":2},"end":{"line":8,"column":3}},"loc":{"start":{"line":8,"column":21},"end":{"line":16,"column":3}},"line":8},"1":{"name":"(anonymous_1)","decl":{"start":{"line":18,"column":2},"end":{"line":18,"column":3}},"loc":{"start":{"line":18,"column":20},"end":{"line":21,"column":3}},"line":18},"2":{"name":"(anonymous_2)","decl":{"start":{"line":23,"column":2},"end":{"line":23,"column":3}},"loc":{"start":{"line":23,"column":11},"end":{"line":51,"column":3}},"line":23},"3":{"name":"(anonymous_3)","decl":{"start":{"line":24,"column":66},"end":{"line":24,"column":67}},"loc":{"start":{"line":25,"column":6},"end":{"line":25,"column":70}},"line":25},"4":{"name":"(anonymous_4)","decl":{"start":{"line":27,"column":80},"end":{"line":27,"column":81}},"loc":{"start":{"line":28,"column":6},"end":{"line":28,"column":38}},"line":28}},"branchMap":{},"s":{"0":0,"1":0,"2":0,"3":0,"4":0,"5":0,"6":0,"7":0,"8":0},"f":{"0":0,"1":0,"2":0,"3":0,"4":0},"b":{},"_coverageSchema":"1a1c01bbd47fc00a2c39e90264f33305004495a9","hash":"bb66965ced250c01fc05dbe958a8c22687d0d3ae"}
,"/Users/chrisfloyd/Sprints/FEC/hr-rpp28-front-end-capstone/client/src/components/relatedItems/outfitItemCard.jsx": {"path":"/Users/chrisfloyd/Sprints/FEC/hr-rpp28-front-end-capstone/client/src/components/relatedItems/outfitItemCard.jsx","statementMap":{"0":{"start":{"line":6,"column":4},"end":{"line":6,"column":17}},"1":{"start":{"line":9,"column":4},"end":{"line":9,"column":20}},"2":{"start":{"line":13,"column":4},"end":{"line":17,"column":6}}},"fnMap":{"0":{"name":"(anonymous_0)","decl":{"start":{"line":5,"column":2},"end":{"line":5,"column":3}},"loc":{"start":{"line":5,"column":21},"end":{"line":10,"column":3}},"line":5},"1":{"name":"(anonymous_1)","decl":{"start":{"line":12,"column":2},"end":{"line":12,"column":3}},"loc":{"start":{"line":12,"column":12},"end":{"line":18,"column":3}},"line":12}},"branchMap":{},"s":{"0":0,"1":0,"2":0},"f":{"0":0,"1":0},"b":{},"_coverageSchema":"1a1c01bbd47fc00a2c39e90264f33305004495a9","hash":"cbafd53e5c93d76f80889eda755a8c953a2a0407"}
,"/Users/chrisfloyd/Sprints/FEC/hr-rpp28-front-end-capstone/client/src/components/relatedItems/outfitItemsList.jsx": {"path":"/Users/chrisfloyd/Sprints/FEC/hr-rpp28-front-end-capstone/client/src/components/relatedItems/outfitItemsList.jsx","statementMap":{"0":{"start":{"line":7,"column":4},"end":{"line":7,"column":17}},"1":{"start":{"line":10,"column":4},"end":{"line":10,"column":20}},"2":{"start":{"line":14,"column":4},"end":{"line":20,"column":6}}},"fnMap":{"0":{"name":"(anonymous_0)","decl":{"start":{"line":6,"column":2},"end":{"line":6,"column":3}},"loc":{"start":{"line":6,"column":21},"end":{"line":11,"column":3}},"line":6},"1":{"name":"(anonymous_1)","decl":{"start":{"line":13,"column":2},"end":{"line":13,"column":3}},"loc":{"start":{"line":13,"column":12},"end":{"line":21,"column":3}},"line":13}},"branchMap":{},"s":{"0":0,"1":0,"2":0},"f":{"0":0,"1":0},"b":{},"_coverageSchema":"1a1c01bbd47fc00a2c39e90264f33305004495a9","hash":"6ef6c57b385c798d9ffd82253271f391c7c2f02c"}
,"/Users/chrisfloyd/Sprints/FEC/hr-rpp28-front-end-capstone/client/src/components/relatedItems/relatedItemCard.jsx": {"path":"/Users/chrisfloyd/Sprints/FEC/hr-rpp28-front-end-capstone/client/src/components/relatedItems/relatedItemCard.jsx","statementMap":{"0":{"start":{"line":7,"column":4},"end":{"line":7,"column":17}},"1":{"start":{"line":10,"column":4},"end":{"line":10,"column":20}},"2":{"start":{"line":14,"column":4},"end":{"line":16,"column":6}}},"fnMap":{"0":{"name":"(anonymous_0)","decl":{"start":{"line":6,"column":2},"end":{"line":6,"column":3}},"loc":{"start":{"line":6,"column":21},"end":{"line":11,"column":3}},"line":6},"1":{"name":"(anonymous_1)","decl":{"start":{"line":13,"column":2},"end":{"line":13,"column":3}},"loc":{"start":{"line":13,"column":12},"end":{"line":17,"column":3}},"line":13}},"branchMap":{},"s":{"0":0,"1":0,"2":0},"f":{"0":0,"1":0},"b":{},"_coverageSchema":"1a1c01bbd47fc00a2c39e90264f33305004495a9","hash":"e63197a00bf1d736544989094f651215d1880d33"}
,"/Users/chrisfloyd/Sprints/FEC/hr-rpp28-front-end-capstone/client/src/components/relatedItems/relatedItemsList.jsx": {"path":"/Users/chrisfloyd/Sprints/FEC/hr-rpp28-front-end-capstone/client/src/components/relatedItems/relatedItemsList.jsx","statementMap":{"0":{"start":{"line":7,"column":4},"end":{"line":7,"column":17}},"1":{"start":{"line":10,"column":4},"end":{"line":12,"column":6}},"2":{"start":{"line":16,"column":4},"end":{"line":22,"column":6}}},"fnMap":{"0":{"name":"(anonymous_0)","decl":{"start":{"line":6,"column":2},"end":{"line":6,"column":3}},"loc":{"start":{"line":6,"column":21},"end":{"line":13,"column":3}},"line":6},"1":{"name":"(anonymous_1)","decl":{"start":{"line":15,"column":2},"end":{"line":15,"column":3}},"loc":{"start":{"line":15,"column":12},"end":{"line":23,"column":3}},"line":15}},"branchMap":{},"s":{"0":0,"1":0,"2":0},"f":{"0":0,"1":0},"b":{},"_coverageSchema":"1a1c01bbd47fc00a2c39e90264f33305004495a9","hash":"9729c6114bc643f98312e57692dc71c857b28f0e"}
,"/Users/chrisfloyd/Sprints/FEC/hr-rpp28-front-end-capstone/client/src/components/relatedItems/relatedItemsModule.jsx": {"path":"/Users/chrisfloyd/Sprints/FEC/hr-rpp28-front-end-capstone/client/src/components/relatedItems/relatedItemsModule.jsx","statementMap":{"0":{"start":{"line":8,"column":4},"end":{"line":8,"column":17}},"1":{"start":{"line":9,"column":4},"end":{"line":12,"column":6}},"2":{"start":{"line":14,"column":4},"end":{"line":14,"column":19}},"3":{"start":{"line":18,"column":21},"end":{"line":18,"column":42}},"4":{"start":{"line":20,"column":4},"end":{"line":35,"column":7}},"5":{"start":{"line":25,"column":6},"end":{"line":27,"column":10}},"6":{"start":{"line":26,"column":8},"end":{"line":26,"column":39}},"7":{"start":{"line":29,"column":6},"end":{"line":32,"column":9}},"8":{"start":{"line":34,"column":6},"end":{"line":34,"column":23}},"9":{"start":{"line":39,"column":4},"end":{"line":45,"column":7}},"10":{"start":{"line":44,"column":6},"end":{"line":44,"column":32}},"11":{"start":{"line":49,"column":4},"end":{"line":49,"column":27}},"12":{"start":{"line":53,"column":4},"end":{"line":53,"column":19}},"13":{"start":{"line":57,"column":4},"end":{"line":66,"column":6}}},"fnMap":{"0":{"name":"(anonymous_0)","decl":{"start":{"line":7,"column":2},"end":{"line":7,"column":3}},"loc":{"start":{"line":7,"column":21},"end":{"line":15,"column":3}},"line":7},"1":{"name":"(anonymous_1)","decl":{"start":{"line":17,"column":2},"end":{"line":17,"column":3}},"loc":{"start":{"line":17,"column":20},"end":{"line":36,"column":3}},"line":17},"2":{"name":"(anonymous_2)","decl":{"start":{"line":24,"column":12},"end":{"line":24,"column":13}},"loc":{"start":{"line":24,"column":26},"end":{"line":28,"column":5}},"line":24},"3":{"name":"(anonymous_3)","decl":{"start":{"line":25,"column":34},"end":{"line":25,"column":35}},"loc":{"start":{"line":25,"column":42},"end":{"line":27,"column":7}},"line":25},"4":{"name":"(anonymous_4)","decl":{"start":{"line":28,"column":12},"end":{"line":28,"column":13}},"loc":{"start":{"line":28,"column":18},"end":{"line":33,"column":5}},"line":28},"5":{"name":"(anonymous_5)","decl":{"start":{"line":33,"column":13},"end":{"line":33,"column":14}},"loc":{"start":{"line":33,"column":22},"end":{"line":35,"column":5}},"line":33},"6":{"name":"(anonymous_6)","decl":{"start":{"line":38,"column":2},"end":{"line":38,"column":3}},"loc":{"start":{"line":38,"column":21},"end":{"line":46,"column":3}},"line":38},"7":{"name":"(anonymous_7)","decl":{"start":{"line":43,"column":12},"end":{"line":43,"column":13}},"loc":{"start":{"line":43,"column":26},"end":{"line":45,"column":5}},"line":43},"8":{"name":"(anonymous_8)","decl":{"start":{"line":48,"column":2},"end":{"line":48,"column":3}},"loc":{"start":{"line":48,"column":22},"end":{"line":50,"column":3}},"line":48},"9":{"name":"(anonymous_9)","decl":{"start":{"line":52,"column":2},"end":{"line":52,"column":3}},"loc":{"start":{"line":52,"column":25},"end":{"line":54,"column":3}},"line":52},"10":{"name":"(anonymous_10)","decl":{"start":{"line":56,"column":2},"end":{"line":56,"column":3}},"loc":{"start":{"line":56,"column":12},"end":{"line":67,"column":3}},"line":56}},"branchMap":{},"s":{"0":1,"1":1,"2":1,"3":1,"4":1,"5":0,"6":0,"7":0,"8":0,"9":0,"10":0,"11":1,"12":0,"13":1},"f":{"0":1,"1":1,"2":0,"3":0,"4":0,"5":0,"6":0,"7":0,"8":1,"9":0,"10":1},"b":{},"_coverageSchema":"1a1c01bbd47fc00a2c39e90264f33305004495a9","hash":"48560bd3cc27f3d2c483865ed52adba4d9b0b924"}
,"/Users/chrisfloyd/Sprints/FEC/hr-rpp28-front-end-capstone/client/src/components/reviews/breakdown.jsx": {"path":"/Users/chrisfloyd/Sprints/FEC/hr-rpp28-front-end-capstone/client/src/components/reviews/breakdown.jsx","statementMap":{"0":{"start":{"line":7,"column":4},"end":{"line":7,"column":17}},"1":{"start":{"line":8,"column":4},"end":{"line":10,"column":6}},"2":{"start":{"line":18,"column":4},"end":{"line":20,"column":6}}},"fnMap":{"0":{"name":"(anonymous_0)","decl":{"start":{"line":6,"column":2},"end":{"line":6,"column":3}},"loc":{"start":{"line":6,"column":21},"end":{"line":12,"column":3}},"line":6},"1":{"name":"(anonymous_1)","decl":{"start":{"line":16,"column":2},"end":{"line":16,"column":3}},"loc":{"start":{"line":16,"column":11},"end":{"line":21,"column":3}},"line":16}},"branchMap":{},"s":{"0":1,"1":1,"2":1},"f":{"0":1,"1":1},"b":{},"_coverageSchema":"1a1c01bbd47fc00a2c39e90264f33305004495a9","hash":"4c854558d68165d5da69e80e42768ef6958ccc4a"}
,"/Users/chrisfloyd/Sprints/FEC/hr-rpp28-front-end-capstone/client/src/components/reviews/irt.jsx": {"path":"/Users/chrisfloyd/Sprints/FEC/hr-rpp28-front-end-capstone/client/src/components/reviews/irt.jsx","statementMap":{"0":{"start":{"line":8,"column":15},"end":{"line":8,"column":128}},"1":{"start":{"line":10,"column":2},"end":{"line":19,"column":4}}},"fnMap":{"0":{"name":"IRT","decl":{"start":{"line":7,"column":9},"end":{"line":7,"column":12}},"loc":{"start":{"line":7,"column":20},"end":{"line":20,"column":1}},"line":7}},"branchMap":{},"s":{"0":0,"1":0},"f":{"0":0},"b":{},"_coverageSchema":"1a1c01bbd47fc00a2c39e90264f33305004495a9","hash":"49d0dc17576867f21c0193d9a68e81175e92b89b"}
,"/Users/chrisfloyd/Sprints/FEC/hr-rpp28-front-end-capstone/client/src/components/reviews/morereviews.jsx": {"path":"/Users/chrisfloyd/Sprints/FEC/hr-rpp28-front-end-capstone/client/src/components/reviews/morereviews.jsx","statementMap":{"0":{"start":{"line":8,"column":4},"end":{"line":8,"column":17}},"1":{"start":{"line":9,"column":4},"end":{"line":12,"column":5}},"2":{"start":{"line":15,"column":4},"end":{"line":15,"column":57}},"3":{"start":{"line":41,"column":15},"end":{"line":41,"column":46}},"4":{"start":{"line":42,"column":4},"end":{"line":44,"column":7}},"5":{"start":{"line":45,"column":4},"end":{"line":55,"column":9}},"6":{"start":{"line":51,"column":8},"end":{"line":53,"column":11}},"7":{"start":{"line":54,"column":8},"end":{"line":54,"column":47}},"8":{"start":{"line":60,"column":4},"end":{"line":64,"column":6}}},"fnMap":{"0":{"name":"(anonymous_0)","decl":{"start":{"line":7,"column":2},"end":{"line":7,"column":3}},"loc":{"start":{"line":7,"column":21},"end":{"line":16,"column":3}},"line":7},"1":{"name":"(anonymous_1)","decl":{"start":{"line":40,"column":2},"end":{"line":40,"column":3}},"loc":{"start":{"line":40,"column":19},"end":{"line":56,"column":3}},"line":40},"2":{"name":"(anonymous_2)","decl":{"start":{"line":50,"column":12},"end":{"line":50,"column":13}},"loc":{"start":{"line":50,"column":26},"end":{"line":55,"column":7}},"line":50},"3":{"name":"(anonymous_3)","decl":{"start":{"line":58,"column":2},"end":{"line":58,"column":3}},"loc":{"start":{"line":58,"column":11},"end":{"line":65,"column":3}},"line":58}},"branchMap":{},"s":{"0":1,"1":1,"2":1,"3":0,"4":0,"5":0,"6":0,"7":0,"8":1},"f":{"0":1,"1":0,"2":0,"3":1},"b":{},"_coverageSchema":"1a1c01bbd47fc00a2c39e90264f33305004495a9","hash":"d9089a48505317faf53e19a45c395c248726f75b"}
,"/Users/chrisfloyd/Sprints/FEC/hr-rpp28-front-end-capstone/client/src/components/reviews/ratingsreviews.jsx": {"path":"/Users/chrisfloyd/Sprints/FEC/hr-rpp28-front-end-capstone/client/src/components/reviews/ratingsreviews.jsx","statementMap":{"0":{"start":{"line":9,"column":4},"end":{"line":9,"column":17}},"1":{"start":{"line":10,"column":4},"end":{"line":13,"column":5}},"2":{"start":{"line":15,"column":4},"end":{"line":15,"column":43}},"3":{"start":{"line":16,"column":4},"end":{"line":16,"column":51}},"4":{"start":{"line":24,"column":4},"end":{"line":30,"column":8}},"5":{"start":{"line":26,"column":8},"end":{"line":28,"column":10}},"6":{"start":{"line":35,"column":15},"end":{"line":35,"column":46}},"7":{"start":{"line":36,"column":4},"end":{"line":38,"column":7}},"8":{"start":{"line":39,"column":4},"end":{"line":51,"column":8}},"9":{"start":{"line":45,"column":8},"end":{"line":45,"column":69}},"10":{"start":{"line":46,"column":8},"end":{"line":48,"column":11}},"11":{"start":{"line":49,"column":8},"end":{"line":49,"column":64}},"12":{"start":{"line":68,"column":4},"end":{"line":68,"column":19}},"13":{"start":{"line":72,"column":21},"end":{"line":72,"column":48}},"14":{"start":{"line":73,"column":21},"end":{"line":80,"column":6}},"15":{"start":{"line":74,"column":7},"end":{"line":74,"column":41}},"16":{"start":{"line":75,"column":6},"end":{"line":79,"column":7}},"17":{"start":{"line":82,"column":4},"end":{"line":88,"column":6}}},"fnMap":{"0":{"name":"(anonymous_0)","decl":{"start":{"line":8,"column":2},"end":{"line":8,"column":3}},"loc":{"start":{"line":8,"column":21},"end":{"line":17,"column":3}},"line":8},"1":{"name":"(anonymous_1)","decl":{"start":{"line":23,"column":2},"end":{"line":23,"column":3}},"loc":{"start":{"line":23,"column":12},"end":{"line":31,"column":3}},"line":23},"2":{"name":"(anonymous_2)","decl":{"start":{"line":25,"column":12},"end":{"line":25,"column":13}},"loc":{"start":{"line":25,"column":26},"end":{"line":30,"column":7}},"line":25},"3":{"name":"(anonymous_3)","decl":{"start":{"line":33,"column":2},"end":{"line":33,"column":3}},"loc":{"start":{"line":33,"column":16},"end":{"line":53,"column":3}},"line":33},"4":{"name":"(anonymous_4)","decl":{"start":{"line":44,"column":12},"end":{"line":44,"column":13}},"loc":{"start":{"line":44,"column":26},"end":{"line":51,"column":7}},"line":44},"5":{"name":"(anonymous_5)","decl":{"start":{"line":67,"column":2},"end":{"line":67,"column":3}},"loc":{"start":{"line":67,"column":22},"end":{"line":69,"column":3}},"line":67},"6":{"name":"(anonymous_6)","decl":{"start":{"line":71,"column":2},"end":{"line":71,"column":3}},"loc":{"start":{"line":71,"column":11},"end":{"line":89,"column":3}},"line":71},"7":{"name":"(anonymous_7)","decl":{"start":{"line":73,"column":47},"end":{"line":73,"column":48}},"loc":{"start":{"line":73,"column":64},"end":{"line":80,"column":5}},"line":73}},"branchMap":{"0":{"loc":{"start":{"line":72,"column":21},"end":{"line":72,"column":48}},"type":"binary-expr","locations":[{"start":{"line":72,"column":21},"end":{"line":72,"column":42}},{"start":{"line":72,"column":46},"end":{"line":72,"column":48}}],"line":72}},"s":{"0":2,"1":2,"2":2,"3":2,"4":2,"5":0,"6":0,"7":0,"8":0,"9":0,"10":0,"11":0,"12":2,"13":2,"14":2,"15":0,"16":0,"17":2},"f":{"0":2,"1":2,"2":0,"3":0,"4":0,"5":2,"6":2,"7":0},"b":{"0":[2,0]},"_coverageSchema":"1a1c01bbd47fc00a2c39e90264f33305004495a9","hash":"51dbfb493490356b3a87a94060153a90e298d01e"}
,"/Users/chrisfloyd/Sprints/FEC/hr-rpp28-front-end-capstone/client/src/components/reviews/reviewbody.jsx": {"path":"/Users/chrisfloyd/Sprints/FEC/hr-rpp28-front-end-capstone/client/src/components/reviews/reviewbody.jsx","statementMap":{},"fnMap":{},"branchMap":{},"s":{},"f":{},"b":{},"_coverageSchema":"1a1c01bbd47fc00a2c39e90264f33305004495a9","hash":"5f83c9dd36f5849825f57ecaa8d85eb2ab9f7c00"}
,"/Users/chrisfloyd/Sprints/FEC/hr-rpp28-front-end-capstone/client/src/components/reviews/reviewphotos.jsx": {"path":"/Users/chrisfloyd/Sprints/FEC/hr-rpp28-front-end-capstone/client/src/components/reviews/reviewphotos.jsx","statementMap":{"0":{"start":{"line":7,"column":4},"end":{"line":7,"column":17}},"1":{"start":{"line":8,"column":4},"end":{"line":11,"column":5}},"2":{"start":{"line":13,"column":4},"end":{"line":13,"column":47}},"3":{"start":{"line":14,"column":4},"end":{"line":14,"column":49}},"4":{"start":{"line":21,"column":16},"end":{"line":21,"column":50}},"5":{"start":{"line":22,"column":14},"end":{"line":22,"column":19}},"6":{"start":{"line":23,"column":19},"end":{"line":23,"column":51}},"7":{"start":{"line":25,"column":4},"end":{"line":25,"column":34}},"8":{"start":{"line":26,"column":4},"end":{"line":26,"column":23}},"9":{"start":{"line":30,"column":15},"end":{"line":30,"column":58}},"10":{"start":{"line":31,"column":16},"end":{"line":31,"column":50}},"11":{"start":{"line":32,"column":4},"end":{"line":32,"column":33}},"12":{"start":{"line":37,"column":20},"end":{"line":37,"column":37}},"13":{"start":{"line":38,"column":17},"end":{"line":51,"column":6}},"14":{"start":{"line":39,"column":6},"end":{"line":50,"column":7}},"15":{"start":{"line":40,"column":71},"end":{"line":40,"column":103}},"16":{"start":{"line":52,"column":4},"end":{"line":55,"column":6}}},"fnMap":{"0":{"name":"(anonymous_0)","decl":{"start":{"line":6,"column":2},"end":{"line":6,"column":3}},"loc":{"start":{"line":6,"column":21},"end":{"line":15,"column":4}},"line":6},"1":{"name":"(anonymous_1)","decl":{"start":{"line":17,"column":2},"end":{"line":17,"column":3}},"loc":{"start":{"line":17,"column":19},"end":{"line":27,"column":3}},"line":17},"2":{"name":"(anonymous_2)","decl":{"start":{"line":29,"column":2},"end":{"line":29,"column":3}},"loc":{"start":{"line":29,"column":15},"end":{"line":33,"column":3}},"line":29},"3":{"name":"(anonymous_3)","decl":{"start":{"line":36,"column":2},"end":{"line":36,"column":3}},"loc":{"start":{"line":36,"column":11},"end":{"line":56,"column":3}},"line":36},"4":{"name":"(anonymous_4)","decl":{"start":{"line":38,"column":31},"end":{"line":38,"column":32}},"loc":{"start":{"line":38,"column":48},"end":{"line":51,"column":5}},"line":38},"5":{"name":"(anonymous_5)","decl":{"start":{"line":40,"column":64},"end":{"line":40,"column":65}},"loc":{"start":{"line":40,"column":70},"end":{"line":40,"column":104}},"line":40}},"branchMap":{},"s":{"0":0,"1":0,"2":0,"3":0,"4":0,"5":0,"6":0,"7":0,"8":0,"9":0,"10":0,"11":0,"12":0,"13":0,"14":0,"15":0,"16":0},"f":{"0":0,"1":0,"2":0,"3":0,"4":0,"5":0},"b":{},"_coverageSchema":"1a1c01bbd47fc00a2c39e90264f33305004495a9","hash":"c541a50e40c578078c6ade08f85e757f02fd8bcc"}
,"/Users/chrisfloyd/Sprints/FEC/hr-rpp28-front-end-capstone/client/src/components/reviews/starsrating.jsx": {"path":"/Users/chrisfloyd/Sprints/FEC/hr-rpp28-front-end-capstone/client/src/components/reviews/starsrating.jsx","statementMap":{"0":{"start":{"line":4,"column":19},"end":{"line":28,"column":1}},"1":{"start":{"line":5,"column":20},"end":{"line":5,"column":31}},"2":{"start":{"line":6,"column":15},"end":{"line":6,"column":27}},"3":{"start":{"line":7,"column":2},"end":{"line":9,"column":3}},"4":{"start":{"line":7,"column":15},"end":{"line":7,"column":16}},"5":{"start":{"line":8,"column":4},"end":{"line":8,"column":21}},"6":{"start":{"line":11,"column":16},"end":{"line":20,"column":4}},"7":{"start":{"line":12,"column":4},"end":{"line":16,"column":5}},"8":{"start":{"line":13,"column":6},"end":{"line":13,"column":17}},"9":{"start":{"line":15,"column":6},"end":{"line":15,"column":17}},"10":{"start":{"line":17,"column":4},"end":{"line":19,"column":6}},"11":{"start":{"line":22,"column":2},"end":{"line":27,"column":3}}},"fnMap":{"0":{"name":"(anonymous_0)","decl":{"start":{"line":4,"column":19},"end":{"line":4,"column":20}},"loc":{"start":{"line":4,"column":30},"end":{"line":28,"column":1}},"line":4},"1":{"name":"(anonymous_1)","decl":{"start":{"line":11,"column":30},"end":{"line":11,"column":31}},"loc":{"start":{"line":11,"column":47},"end":{"line":20,"column":3}},"line":11}},"branchMap":{"0":{"loc":{"start":{"line":12,"column":4},"end":{"line":16,"column":5}},"type":"if","locations":[{"start":{"line":12,"column":4},"end":{"line":16,"column":5}},{"start":{"line":12,"column":4},"end":{"line":16,"column":5}}],"line":12}},"s":{"0":2,"1":1,"2":1,"3":1,"4":1,"5":0,"6":1,"7":5,"8":0,"9":5,"10":5,"11":1},"f":{"0":1,"1":5},"b":{"0":[0,5]},"_coverageSchema":"1a1c01bbd47fc00a2c39e90264f33305004495a9","hash":"910a8f6648bc1df640cc938efafd82d74a0581c9"}
}
