TN:
SF:sampleDataSets.js
FNF:0
FNH:0
DA:7,1
DA:34,1
DA:53,1
DA:116,1
DA:123,1
LF:5
LH:5
BRF:0
BRH:0
end_of_record
TN:
SF:__test__/hidden-message.jsx
FN:5,HiddenMessage
FN:13,(anonymous_1)
FNF:2
FNH:2
FNDA:2,HiddenMessage
FNDA:1,(anonymous_1)
DA:6,2
DA:7,2
DA:13,1
LF:3
LH:3
BRDA:16,0,0,1
BRDA:16,0,1,1
BRF:2
BRH:2
end_of_record
TN:
SF:__test__/sum.js
FN:2,(anonymous_0)
FNF:1
FNH:1
FNDA:1,(anonymous_0)
DA:2,1
DA:3,1
DA:6,1
LF:3
LH:3
BRF:0
BRH:0
end_of_record
TN:
SF:client/src/components/overview/features.jsx
FN:3,(anonymous_0)
FN:4,(anonymous_1)
FNF:2
FNH:0
FNDA:0,(anonymous_0)
FNDA:0,(anonymous_1)
DA:3,1
DA:4,0
DA:5,0
DA:14,0
LF:4
LH:1
BRF:0
BRH:0
end_of_record
TN:
SF:client/src/components/overview/overview.jsx
FN:10,(anonymous_0)
FN:42,(anonymous_1)
FN:61,(anonymous_2)
FN:68,(anonymous_3)
FN:71,(anonymous_4)
FN:74,(anonymous_5)
FN:79,(anonymous_6)
FN:82,(anonymous_7)
FN:85,(anonymous_8)
FN:90,(anonymous_9)
FN:102,(anonymous_10)
FNF:11
FNH:5
FNDA:1,(anonymous_0)
FNDA:1,(anonymous_1)
FNDA:0,(anonymous_2)
FNDA:1,(anonymous_3)
FNDA:0,(anonymous_4)
FNDA:0,(anonymous_5)
FNDA:1,(anonymous_6)
FNDA:0,(anonymous_7)
FNDA:0,(anonymous_8)
FNDA:0,(anonymous_9)
FNDA:1,(anonymous_10)
DA:11,1
DA:14,1
DA:44,1
DA:45,1
DA:46,1
DA:48,0
DA:50,1
DA:52,1
DA:54,0
DA:62,0
DA:65,0
DA:69,1
DA:70,1
DA:72,0
DA:80,1
DA:81,1
DA:83,0
DA:91,0
DA:92,0
DA:93,0
DA:94,0
DA:97,0
DA:113,1
DA:114,1
LF:24
LH:13
BRDA:93,0,0,0
BRDA:93,0,1,0
BRF:2
BRH:0
end_of_record
TN:
SF:client/src/components/overview/skus.jsx
FN:3,(anonymous_0)
FNF:1
FNH:0
FNDA:0,(anonymous_0)
DA:3,1
DA:4,0
DA:5,0
LF:3
LH:1
BRF:0
BRH:0
end_of_record
TN:
SF:client/src/components/overview/styles.jsx
FN:4,(anonymous_0)
FN:6,(anonymous_1)
FNF:2
FNH:0
FNDA:0,(anonymous_0)
FNDA:0,(anonymous_1)
DA:4,1
DA:6,0
DA:7,0
DA:9,0
LF:4
LH:1
BRF:0
BRH:0
end_of_record
TN:
SF:client/src/components/questionanswer/questionanswer.jsx
FN:10,AdditionalQuestionBar
FN:37,(anonymous_1)
FN:50,(anonymous_2)
FN:82,(anonymous_3)
FN:85,(anonymous_4)
FN:96,(anonymous_5)
FN:105,(anonymous_6)
FN:110,(anonymous_7)
FN:118,(anonymous_8)
FN:129,(anonymous_9)
FN:135,(anonymous_10)
FN:139,(anonymous_11)
FN:144,(anonymous_12)
FNF:13
FNH:0
FNDA:0,AdditionalQuestionBar
FNDA:0,(anonymous_1)
FNDA:0,(anonymous_2)
FNDA:0,(anonymous_3)
FNDA:0,(anonymous_4)
FNDA:0,(anonymous_5)
FNDA:0,(anonymous_6)
FNDA:0,(anonymous_7)
FNDA:0,(anonymous_8)
FNDA:0,(anonymous_9)
FNDA:0,(anonymous_10)
FNDA:0,(anonymous_11)
FNDA:0,(anonymous_12)
DA:12,0
DA:17,0
DA:18,0
DA:22,0
DA:38,0
DA:39,0
DA:55,0
DA:56,0
DA:59,0
DA:61,0
DA:62,0
DA:64,0
DA:69,0
DA:73,0
DA:84,0
DA:87,0
DA:98,0
DA:109,0
DA:112,0
DA:122,0
DA:132,0
DA:136,0
DA:142,0
DA:144,0
DA:145,0
DA:152,0
LF:26
LH:0
BRDA:17,0,0,0
BRDA:17,0,1,0
BRDA:55,1,0,0
BRDA:55,1,1,0
BRDA:55,2,0,0
BRDA:55,2,1,0
BRDA:64,3,0,0
BRDA:64,3,1,0
BRDA:64,4,0,0
BRDA:64,4,1,0
BRDA:64,4,2,0
BRDA:64,4,3,0
BRF:12
BRH:0
end_of_record
TN:
SF:client/src/components/questionanswer/Photobar/photobar.jsx
FN:3,Photobar
FN:14,(anonymous_1)
FNF:2
FNH:0
FNDA:0,Photobar
FNDA:0,(anonymous_1)
DA:7,0
DA:8,0
DA:12,0
DA:14,0
LF:4
LH:0
BRDA:7,0,0,0
BRDA:7,0,1,0
BRDA:7,1,0,0
BRDA:7,1,1,0
BRF:4
BRH:0
end_of_record
TN:
SF:client/src/components/questionanswer/QAModals/addanswermodal.jsx
FN:9,(anonymous_0)
FN:14,(anonymous_1)
FN:34,(anonymous_2)
FN:46,(anonymous_3)
FN:57,(anonymous_4)
FN:71,(anonymous_5)
FN:88,(anonymous_6)
FN:106,(anonymous_7)
FN:112,(anonymous_8)
FN:141,(anonymous_9)
FN:151,(anonymous_10)
FN:156,(anonymous_11)
FN:166,(anonymous_12)
FN:172,(anonymous_13)
FN:181,(anonymous_14)
FN:190,(anonymous_15)
FNF:16
FNH:0
FNDA:0,(anonymous_0)
FNDA:0,(anonymous_1)
FNDA:0,(anonymous_2)
FNDA:0,(anonymous_3)
FNDA:0,(anonymous_4)
FNDA:0,(anonymous_5)
FNDA:0,(anonymous_6)
FNDA:0,(anonymous_7)
FNDA:0,(anonymous_8)
FNDA:0,(anonymous_9)
FNDA:0,(anonymous_10)
FNDA:0,(anonymous_11)
FNDA:0,(anonymous_12)
FNDA:0,(anonymous_13)
FNDA:0,(anonymous_14)
FNDA:0,(anonymous_15)
DA:10,0
DA:11,0
DA:16,0
DA:17,0
DA:21,0
DA:35,0
DA:36,0
DA:42,0
DA:47,0
DA:48,0
DA:50,0
DA:52,0
DA:53,0
DA:58,0
DA:59,0
DA:60,0
DA:63,0
DA:64,0
DA:66,0
DA:73,0
DA:89,0
DA:90,0
DA:108,0
DA:114,0
DA:121,0
DA:123,0
DA:124,0
DA:126,0
DA:127,0
DA:128,0
DA:131,0
DA:132,0
DA:135,0
DA:142,0
DA:145,0
DA:146,0
DA:167,0
DA:173,0
DA:174,0
DA:182,0
DA:183,0
DA:192,0
DA:193,0
DA:196,0
DA:200,0
DA:202,0
DA:203,0
DA:207,0
DA:208,0
DA:213,0
LF:50
LH:0
BRDA:16,0,0,0
BRDA:16,0,1,0
BRDA:63,1,0,0
BRDA:63,1,1,0
BRDA:121,2,0,0
BRDA:121,2,1,0
BRDA:121,2,2,0
BRDA:123,3,0,0
BRDA:123,3,1,0
BRDA:127,4,0,0
BRDA:127,4,1,0
BRDA:131,5,0,0
BRDA:131,5,1,0
BRDA:145,6,0,0
BRDA:145,6,1,0
BRDA:173,7,0,0
BRDA:173,7,1,0
BRDA:182,8,0,0
BRDA:182,8,1,0
BRDA:192,9,0,0
BRDA:192,9,1,0
BRDA:202,10,0,0
BRDA:202,10,1,0
BRDA:207,11,0,0
BRDA:207,11,1,0
BRDA:230,12,0,0
BRDA:230,12,1,0
BRDA:237,13,0,0
BRDA:237,13,1,0
BRF:29
BRH:0
end_of_record
TN:
SF:client/src/components/questionanswer/QAModals/addquestionmodal.jsx
FN:6,(anonymous_0)
FN:23,(anonymous_1)
FN:28,(anonymous_2)
FN:55,(anonymous_3)
FN:66,(anonymous_4)
FN:69,(anonymous_5)
FN:78,(anonymous_6)
FN:83,(anonymous_7)
FN:92,(anonymous_8)
FN:102,(anonymous_9)
FNF:10
FNH:0
FNDA:0,(anonymous_0)
FNDA:0,(anonymous_1)
FNDA:0,(anonymous_2)
FNDA:0,(anonymous_3)
FNDA:0,(anonymous_4)
FNDA:0,(anonymous_5)
FNDA:0,(anonymous_6)
FNDA:0,(anonymous_7)
FNDA:0,(anonymous_8)
FNDA:0,(anonymous_9)
DA:7,0
DA:8,0
DA:25,0
DA:31,0
DA:38,0
DA:39,0
DA:40,0
DA:41,0
DA:42,0
DA:43,0
DA:46,0
DA:47,0
DA:51,0
DA:56,0
DA:59,0
DA:60,0
DA:79,0
DA:84,0
DA:85,0
DA:93,0
DA:94,0
DA:103,0
DA:104,0
DA:107,0
DA:111,0
DA:113,0
DA:114,0
DA:118,0
DA:119,0
DA:124,0
LF:30
LH:0
BRDA:38,0,0,0
BRDA:38,0,1,0
BRDA:38,0,2,0
BRDA:39,1,0,0
BRDA:39,1,1,0
BRDA:42,2,0,0
BRDA:42,2,1,0
BRDA:46,3,0,0
BRDA:46,3,1,0
BRDA:59,4,0,0
BRDA:59,4,1,0
BRDA:84,5,0,0
BRDA:84,5,1,0
BRDA:93,6,0,0
BRDA:93,6,1,0
BRDA:103,7,0,0
BRDA:103,7,1,0
BRDA:113,8,0,0
BRDA:113,8,1,0
BRDA:118,9,0,0
BRDA:118,9,1,0
BRDA:133,10,0,0
BRDA:133,10,1,0
BRDA:145,11,0,0
BRDA:145,11,1,0
BRF:25
BRH:0
end_of_record
TN:
SF:client/src/components/questionanswer/SearchQuestionBar/searchquestionbar.jsx
FN:5,(anonymous_0)
FN:13,(anonymous_1)
FN:29,(anonymous_2)
FN:42,(anonymous_3)
FNF:4
FNH:0
FNDA:0,(anonymous_0)
FNDA:0,(anonymous_1)
FNDA:0,(anonymous_2)
FNDA:0,(anonymous_3)
DA:6,0
DA:7,0
DA:14,0
DA:16,0
DA:22,0
DA:25,0
DA:33,0
DA:34,0
DA:43,0
LF:9
LH:0
BRDA:16,0,0,0
BRDA:16,0,1,0
BRDA:33,1,0,0
BRDA:33,1,1,0
BRF:4
BRH:0
end_of_record
TN:
SF:client/src/components/questionanswer/SingleQuestionAnswer/singleanswerbar.jsx
FN:7,(anonymous_0)
FN:16,(anonymous_1)
FN:21,(anonymous_2)
FN:23,(anonymous_3)
FN:29,(anonymous_4)
FN:31,(anonymous_5)
FN:37,(anonymous_6)
FNF:7
FNH:0
FNDA:0,(anonymous_0)
FNDA:0,(anonymous_1)
FNDA:0,(anonymous_2)
FNDA:0,(anonymous_3)
FNDA:0,(anonymous_4)
FNDA:0,(anonymous_5)
FNDA:0,(anonymous_6)
DA:8,0
DA:9,0
DA:17,0
DA:21,0
DA:22,0
DA:25,0
DA:29,0
DA:30,0
DA:33,0
DA:38,0
DA:39,0
DA:41,0
DA:43,0
LF:13
LH:0
BRDA:54,0,0,0
BRDA:54,0,1,0
BRF:2
BRH:0
end_of_record
TN:
SF:client/src/components/questionanswer/SingleQuestionAnswer/singlequestionanswer.jsx
FN:9,(anonymous_0)
FN:20,(anonymous_1)
FN:47,(anonymous_2)
FN:48,(anonymous_3)
FN:61,(anonymous_4)
FN:73,(anonymous_5)
FN:80,(anonymous_6)
FN:85,(anonymous_7)
FN:89,(anonymous_8)
FNF:9
FNH:0
FNDA:0,(anonymous_0)
FNDA:0,(anonymous_1)
FNDA:0,(anonymous_2)
FNDA:0,(anonymous_3)
FNDA:0,(anonymous_4)
FNDA:0,(anonymous_5)
FNDA:0,(anonymous_6)
FNDA:0,(anonymous_7)
FNDA:0,(anonymous_8)
DA:10,0
DA:12,0
DA:22,0
DA:23,0
DA:24,0
DA:25,0
DA:27,0
DA:28,0
DA:31,0
DA:34,0
DA:38,0
DA:39,0
DA:41,0
DA:47,0
DA:48,0
DA:50,0
DA:55,0
DA:58,0
DA:66,0
DA:76,0
DA:81,0
DA:87,0
DA:89,0
DA:90,0
DA:91,0
DA:93,0
DA:97,0
DA:99,0
DA:100,0
DA:106,0
LF:30
LH:0
BRDA:27,0,0,0
BRDA:27,0,1,0
BRDA:34,1,0,0
BRDA:34,1,1,0
BRDA:38,2,0,0
BRDA:38,2,1,0
BRDA:90,3,0,0
BRDA:90,3,1,0
BRDA:99,4,0,0
BRDA:99,4,1,0
BRF:10
BRH:0
end_of_record
TN:
SF:client/src/components/questionanswer/SingleQuestionAnswer/singlequestionbar.jsx
FN:6,(anonymous_0)
FN:14,(anonymous_1)
FN:16,(anonymous_2)
FN:19,(anonymous_3)
FN:24,(anonymous_4)
FNF:5
FNH:0
FNDA:0,(anonymous_0)
FNDA:0,(anonymous_1)
FNDA:0,(anonymous_2)
FNDA:0,(anonymous_3)
FNDA:0,(anonymous_4)
DA:7,0
DA:8,0
DA:14,0
DA:15,0
DA:25,0
LF:5
LH:0
BRF:0
BRH:0
end_of_record
TN:
SF:client/src/components/relatedItems/outfitItemCard.jsx
FN:5,(anonymous_0)
FN:12,(anonymous_1)
FNF:2
FNH:0
FNDA:0,(anonymous_0)
FNDA:0,(anonymous_1)
DA:6,0
DA:9,0
DA:13,0
LF:3
LH:0
BRF:0
BRH:0
end_of_record
TN:
SF:client/src/components/relatedItems/outfitItemsList.jsx
FN:6,(anonymous_0)
FN:13,(anonymous_1)
FNF:2
FNH:0
FNDA:0,(anonymous_0)
FNDA:0,(anonymous_1)
DA:7,0
DA:10,0
DA:14,0
LF:3
LH:0
BRF:0
BRH:0
end_of_record
TN:
SF:client/src/components/relatedItems/relatedItemCard.jsx
FN:4,(anonymous_0)
FNF:1
FNH:0
FNDA:0,(anonymous_0)
DA:4,1
DA:5,0
LF:2
LH:1
BRF:0
BRH:0
end_of_record
TN:
SF:client/src/components/relatedItems/relatedItemsList.jsx
FN:6,(anonymous_0)
FN:15,(anonymous_1)
FN:24,(anonymous_2)
FN:26,(anonymous_3)
FN:29,(anonymous_4)
FN:35,(anonymous_5)
FNF:6
FNH:0
FNDA:0,(anonymous_0)
FNDA:0,(anonymous_1)
FNDA:0,(anonymous_2)
FNDA:0,(anonymous_3)
FNDA:0,(anonymous_4)
FNDA:0,(anonymous_5)
DA:7,0
DA:9,0
DA:12,0
DA:16,0
DA:19,0
DA:20,0
DA:21,0
DA:25,0
DA:26,0
DA:30,0
DA:31,0
DA:32,0
DA:35,0
LF:13
LH:0
BRF:0
BRH:0
end_of_record
TN:
SF:client/src/components/relatedItems/relatedItemsModule.jsx
FN:9,(anonymous_0)
FN:20,(anonymous_1)
FN:24,(anonymous_2)
FN:26,(anonymous_3)
FN:29,(anonymous_4)
FN:37,(anonymous_5)
FN:45,(anonymous_6)
FN:50,(anonymous_7)
FNF:8
FNH:4
FNDA:1,(anonymous_0)
FNDA:1,(anonymous_1)
FNDA:0,(anonymous_2)
FNDA:0,(anonymous_3)
FNDA:1,(anonymous_4)
FNDA:0,(anonymous_5)
FNDA:0,(anonymous_6)
FNDA:1,(anonymous_7)
DA:10,1
DA:11,1
DA:15,1
DA:16,1
DA:21,1
DA:25,0
DA:26,0
DA:30,1
DA:38,0
DA:42,0
DA:43,0
DA:46,0
DA:52,1
DA:53,1
DA:55,0
LF:15
LH:8
BRDA:52,0,0,1
BRDA:52,0,1,0
BRF:2
BRH:1
end_of_record
TN:
SF:client/src/components/reviews/breakdown.jsx
FN:6,(anonymous_0)
FN:16,(anonymous_1)
FNF:2
FNH:2
FNDA:1,(anonymous_0)
FNDA:1,(anonymous_1)
DA:7,1
DA:8,1
DA:18,1
LF:3
LH:3
BRF:0
BRH:0
end_of_record
TN:
SF:client/src/components/reviews/irt.jsx
FN:7,IRT
FNF:1
FNH:0
FNDA:0,IRT
DA:8,0
DA:10,0
LF:2
LH:0
BRF:0
BRH:0
end_of_record
TN:
SF:client/src/components/reviews/morereviews.jsx
FN:7,(anonymous_0)
FN:40,(anonymous_1)
FN:50,(anonymous_2)
FN:58,(anonymous_3)
FNF:4
FNH:2
FNDA:1,(anonymous_0)
FNDA:0,(anonymous_1)
FNDA:0,(anonymous_2)
FNDA:1,(anonymous_3)
DA:8,1
DA:9,1
DA:15,1
DA:41,0
DA:42,0
DA:45,0
DA:51,0
DA:54,0
DA:60,1
LF:9
LH:4
BRF:0
BRH:0
end_of_record
TN:
SF:client/src/components/reviews/ratingsreviews.jsx
FN:8,(anonymous_0)
FN:23,(anonymous_1)
FN:25,(anonymous_2)
FN:33,(anonymous_3)
FN:44,(anonymous_4)
FN:67,(anonymous_5)
FN:71,(anonymous_6)
FN:73,(anonymous_7)
FNF:8
FNH:4
FNDA:2,(anonymous_0)
FNDA:2,(anonymous_1)
FNDA:0,(anonymous_2)
FNDA:0,(anonymous_3)
FNDA:0,(anonymous_4)
FNDA:2,(anonymous_5)
FNDA:2,(anonymous_6)
FNDA:0,(anonymous_7)
DA:9,2
DA:10,2
DA:15,2
DA:16,2
DA:24,2
DA:26,0
DA:35,0
DA:36,0
DA:39,0
DA:45,0
DA:46,0
DA:49,0
DA:68,2
DA:72,2
DA:73,2
DA:74,0
DA:75,0
DA:82,2
LF:18
LH:9
BRDA:72,0,0,2
BRDA:72,0,1,0
BRF:2
BRH:1
end_of_record
TN:
SF:client/src/components/reviews/reviewbody.jsx
FNF:0
FNH:0
LF:0
LH:0
BRF:0
BRH:0
end_of_record
TN:
SF:client/src/components/reviews/reviewphotos.jsx
FN:6,(anonymous_0)
FN:17,(anonymous_1)
FN:29,(anonymous_2)
FN:36,(anonymous_3)
FN:38,(anonymous_4)
FN:40,(anonymous_5)
FNF:6
FNH:0
FNDA:0,(anonymous_0)
FNDA:0,(anonymous_1)
FNDA:0,(anonymous_2)
FNDA:0,(anonymous_3)
FNDA:0,(anonymous_4)
FNDA:0,(anonymous_5)
DA:7,0
DA:8,0
DA:13,0
DA:14,0
DA:21,0
DA:22,0
DA:23,0
DA:25,0
DA:26,0
DA:30,0
DA:31,0
DA:32,0
DA:37,0
DA:38,0
DA:39,0
DA:40,0
DA:52,0
LF:17
LH:0
BRF:0
BRH:0
end_of_record
TN:
SF:client/src/components/reviews/starsrating.jsx
FN:4,(anonymous_0)
FN:11,(anonymous_1)
FNF:2
FNH:2
FNDA:1,(anonymous_0)
FNDA:5,(anonymous_1)
DA:4,2
DA:5,1
DA:6,1
DA:7,1
DA:8,0
DA:11,1
DA:12,5
DA:13,0
DA:15,5
DA:17,5
DA:22,1
LF:11
LH:9
BRDA:12,0,0,0
BRDA:12,0,1,5
BRF:2
BRH:1
end_of_record
